CRITICAL - 2024-10-11 05:55:28 --> ErrorException: ini_set(): Session ini settings cannot be changed when a session is active
[Method: GET, Route: login]
in SYSTEMPATH\Session\Handlers\FileHandler.php on line 74.
 1 [internal function]: CodeIgniter\Debug\Exceptions->errorHandler(2, 'ini_set(): Session ini settings cannot be changed when a session is active', 'C:\\xampp\\htdocs\\ecommerce\\system\\Session\\Handlers\\FileHandler.php', 74)
 2 SYSTEMPATH\Session\Handlers\FileHandler.php(74): ini_set('session.save_path', 'C:\\xampp\\htdocs\\ecommerce\\writable\\session')
 3 SYSTEMPATH\Config\Services.php(697): CodeIgniter\Session\Handlers\FileHandler->__construct(Object(Config\Session), '::1')
 4 SYSTEMPATH\Config\BaseService.php(312): CodeIgniter\Config\Services::session(Object(Config\Session), false)
 5 SYSTEMPATH\Config\BaseService.php(251): CodeIgniter\Config\BaseService::__callStatic('session', [...])
 6 SYSTEMPATH\Config\Services.php(668): CodeIgniter\Config\BaseService::getSharedInstance('session', null)
 7 SYSTEMPATH\Config\BaseService.php(321): CodeIgniter\Config\Services::session()
 8 SYSTEMPATH\Config\BaseService.php(202): CodeIgniter\Config\BaseService::__callStatic('session', [])
 9 SYSTEMPATH\Common.php(998): CodeIgniter\Config\BaseService::get('session')
10 SYSTEMPATH\Common.php(971): service('session')
11 SYSTEMPATH\CodeIgniter.php(1062): session()
12 SYSTEMPATH\CodeIgniter.php(542): CodeIgniter\CodeIgniter->storePreviousURL(Object(CodeIgniter\HTTP\SiteURI))
13 SYSTEMPATH\CodeIgniter.php(355): CodeIgniter\CodeIgniter->handleRequest(null, Object(Config\Cache), false)
14 SYSTEMPATH\Boot.php(325): CodeIgniter\CodeIgniter->run()
15 SYSTEMPATH\Boot.php(67): CodeIgniter\Boot::runCodeIgniter(Object(CodeIgniter\CodeIgniter))
16 FCPATH\index.php(56): CodeIgniter\Boot::bootWeb(Object(Config\Paths))
17 SYSTEMPATH\rewrite.php(44): require_once('C:\\xampp\\htdocs\\ecommerce\\public\\index.php')
CRITICAL - 2024-10-11 05:56:37 --> ErrorException: ini_set(): Session ini settings cannot be changed when a session is active
[Method: GET, Route: login]
in SYSTEMPATH\Session\Handlers\FileHandler.php on line 74.
 1 [internal function]: CodeIgniter\Debug\Exceptions->errorHandler(2, 'ini_set(): Session ini settings cannot be changed when a session is active', 'C:\\xampp\\htdocs\\ecommerce\\system\\Session\\Handlers\\FileHandler.php', 74)
 2 SYSTEMPATH\Session\Handlers\FileHandler.php(74): ini_set('session.save_path', 'C:\\xampp\\htdocs\\ecommerce\\writable\\session')
 3 SYSTEMPATH\Config\Services.php(697): CodeIgniter\Session\Handlers\FileHandler->__construct(Object(Config\Session), '::1')
 4 SYSTEMPATH\Config\BaseService.php(312): CodeIgniter\Config\Services::session(Object(Config\Session), false)
 5 SYSTEMPATH\Config\BaseService.php(251): CodeIgniter\Config\BaseService::__callStatic('session', [...])
 6 SYSTEMPATH\Config\Services.php(668): CodeIgniter\Config\BaseService::getSharedInstance('session', null)
 7 SYSTEMPATH\Config\BaseService.php(321): CodeIgniter\Config\Services::session()
 8 SYSTEMPATH\Config\BaseService.php(202): CodeIgniter\Config\BaseService::__callStatic('session', [])
 9 SYSTEMPATH\Common.php(998): CodeIgniter\Config\BaseService::get('session')
10 SYSTEMPATH\Common.php(971): service('session')
11 SYSTEMPATH\CodeIgniter.php(1062): session()
12 SYSTEMPATH\CodeIgniter.php(542): CodeIgniter\CodeIgniter->storePreviousURL(Object(CodeIgniter\HTTP\SiteURI))
13 SYSTEMPATH\CodeIgniter.php(355): CodeIgniter\CodeIgniter->handleRequest(null, Object(Config\Cache), false)
14 SYSTEMPATH\Boot.php(325): CodeIgniter\CodeIgniter->run()
15 SYSTEMPATH\Boot.php(67): CodeIgniter\Boot::runCodeIgniter(Object(CodeIgniter\CodeIgniter))
16 FCPATH\index.php(56): CodeIgniter\Boot::bootWeb(Object(Config\Paths))
17 SYSTEMPATH\rewrite.php(44): require_once('C:\\xampp\\htdocs\\ecommerce\\public\\index.php')
CRITICAL - 2024-10-11 06:10:53 --> ErrorException: ini_set(): Session ini settings cannot be changed when a session is active
[Method: GET, Route: login]
in SYSTEMPATH\Session\Handlers\FileHandler.php on line 74.
 1 [internal function]: CodeIgniter\Debug\Exceptions->errorHandler(2, 'ini_set(): Session ini settings cannot be changed when a session is active', 'C:\\xampp\\htdocs\\ecommerce\\system\\Session\\Handlers\\FileHandler.php', 74)
 2 SYSTEMPATH\Session\Handlers\FileHandler.php(74): ini_set('session.save_path', 'C:\\xampp\\htdocs\\ecommerce\\writable\\session')
 3 SYSTEMPATH\Config\Services.php(697): CodeIgniter\Session\Handlers\FileHandler->__construct(Object(Config\Session), '::1')
 4 SYSTEMPATH\Config\BaseService.php(312): CodeIgniter\Config\Services::session(Object(Config\Session), false)
 5 SYSTEMPATH\Config\BaseService.php(251): CodeIgniter\Config\BaseService::__callStatic('session', [...])
 6 SYSTEMPATH\Config\Services.php(668): CodeIgniter\Config\BaseService::getSharedInstance('session', null)
 7 SYSTEMPATH\Config\BaseService.php(321): CodeIgniter\Config\Services::session()
 8 SYSTEMPATH\Config\BaseService.php(202): CodeIgniter\Config\BaseService::__callStatic('session', [])
 9 SYSTEMPATH\Common.php(998): CodeIgniter\Config\BaseService::get('session')
10 SYSTEMPATH\Common.php(971): service('session')
11 SYSTEMPATH\CodeIgniter.php(1062): session()
12 SYSTEMPATH\CodeIgniter.php(542): CodeIgniter\CodeIgniter->storePreviousURL(Object(CodeIgniter\HTTP\SiteURI))
13 SYSTEMPATH\CodeIgniter.php(355): CodeIgniter\CodeIgniter->handleRequest(null, Object(Config\Cache), false)
14 SYSTEMPATH\Boot.php(325): CodeIgniter\CodeIgniter->run()
15 SYSTEMPATH\Boot.php(67): CodeIgniter\Boot::runCodeIgniter(Object(CodeIgniter\CodeIgniter))
16 FCPATH\index.php(56): CodeIgniter\Boot::bootWeb(Object(Config\Paths))
17 SYSTEMPATH\rewrite.php(44): require_once('C:\\xampp\\htdocs\\ecommerce\\public\\index.php')
CRITICAL - 2024-10-11 07:37:21 --> ErrorException: Undefined variable $produk
[Method: GET, Route: keranjang/edit/93]
in APPPATH\Views\updatekeranjang.php on line 280.
 1 APPPATH\Views\updatekeranjang.php(280): CodeIgniter\Debug\Exceptions->errorHandler(2, 'Undefined variable $produk', 'C:\\xampp\\htdocs\\ecommerce\\app\\Views\\updatekeranjang.php', 280)
 2 SYSTEMPATH\View\View.php(234): include('C:\\xampp\\htdocs\\ecommerce\\app\\Views\\updatekeranjang.php')
 3 SYSTEMPATH\View\View.php(237): CodeIgniter\View\View->CodeIgniter\View\{closure}()
 4 SYSTEMPATH\Common.php(1171): CodeIgniter\View\View->render('updatekeranjang', [], true)
 5 APPPATH\Controllers\Coba.php(81): view('updatekeranjang', [...])
 6 SYSTEMPATH\CodeIgniter.php(933): App\Controllers\Coba->edit('93')
 7 SYSTEMPATH\CodeIgniter.php(509): CodeIgniter\CodeIgniter->runController(Object(App\Controllers\Coba))
 8 SYSTEMPATH\CodeIgniter.php(355): CodeIgniter\CodeIgniter->handleRequest(null, Object(Config\Cache), false)
 9 SYSTEMPATH\Boot.php(325): CodeIgniter\CodeIgniter->run()
10 SYSTEMPATH\Boot.php(67): CodeIgniter\Boot::runCodeIgniter(Object(CodeIgniter\CodeIgniter))
11 FCPATH\index.php(56): CodeIgniter\Boot::bootWeb(Object(Config\Paths))
12 SYSTEMPATH\rewrite.php(44): require_once('C:\\xampp\\htdocs\\ecommerce\\public\\index.php')
CRITICAL - 2024-10-11 07:41:11 --> ErrorException: Undefined property: stdClass::$pkategori
[Method: GET, Route: keranjang/edit/91]
in APPPATH\Views\updateproduk.php on line 258.
 1 APPPATH\Views\updateproduk.php(258): CodeIgniter\Debug\Exceptions->errorHandler(2, 'Undefined property: stdClass::$pkategori', 'C:\\xampp\\htdocs\\ecommerce\\app\\Views\\updateproduk.php', 258)
 2 SYSTEMPATH\View\View.php(234): include('C:\\xampp\\htdocs\\ecommerce\\app\\Views\\updateproduk.php')
 3 SYSTEMPATH\View\View.php(237): CodeIgniter\View\View->CodeIgniter\View\{closure}()
 4 SYSTEMPATH\Common.php(1171): CodeIgniter\View\View->render('updateproduk', [], true)
 5 APPPATH\Controllers\Coba.php(81): view('updateproduk', [...])
 6 SYSTEMPATH\CodeIgniter.php(933): App\Controllers\Coba->edit('91')
 7 SYSTEMPATH\CodeIgniter.php(509): CodeIgniter\CodeIgniter->runController(Object(App\Controllers\Coba))
 8 SYSTEMPATH\CodeIgniter.php(355): CodeIgniter\CodeIgniter->handleRequest(null, Object(Config\Cache), false)
 9 SYSTEMPATH\Boot.php(325): CodeIgniter\CodeIgniter->run()
10 SYSTEMPATH\Boot.php(67): CodeIgniter\Boot::runCodeIgniter(Object(CodeIgniter\CodeIgniter))
11 FCPATH\index.php(56): CodeIgniter\Boot::bootWeb(Object(Config\Paths))
12 SYSTEMPATH\rewrite.php(44): require_once('C:\\xampp\\htdocs\\ecommerce\\public\\index.php')
ERROR - 2024-10-11 07:44:35 --> mysqli_sql_exception: Column 'kategori' cannot be null in C:\xampp\htdocs\ecommerce\system\Database\MySQLi\Connection.php:312
Stack trace:
#0 C:\xampp\htdocs\ecommerce\system\Database\MySQLi\Connection.php(312): mysqli->query('INSERT INTO `be...', 0)
#1 C:\xampp\htdocs\ecommerce\system\Database\BaseConnection.php(734): CodeIgniter\Database\MySQLi\Connection->execute('INSERT INTO `be...')
#2 C:\xampp\htdocs\ecommerce\system\Database\BaseConnection.php(648): CodeIgniter\Database\BaseConnection->simpleQuery('INSERT INTO `be...')
#3 C:\xampp\htdocs\ecommerce\system\Database\BaseBuilder.php(2340): CodeIgniter\Database\BaseConnection->query('INSERT INTO `be...', Array, false)
#4 C:\xampp\htdocs\ecommerce\app\Models\keranjang.php(31): CodeIgniter\Database\BaseBuilder->insert(Array)
#5 C:\xampp\htdocs\ecommerce\app\Controllers\Coba.php(115): App\Models\keranjang->savebeli(Array)
#6 C:\xampp\htdocs\ecommerce\system\CodeIgniter.php(933): App\Controllers\Coba->beli()
#7 C:\xampp\htdocs\ecommerce\system\CodeIgniter.php(509): CodeIgniter\CodeIgniter->runController(Object(App\Controllers\Coba))
#8 C:\xampp\htdocs\ecommerce\system\CodeIgniter.php(355): CodeIgniter\CodeIgniter->handleRequest(NULL, Object(Config\Cache), false)
#9 C:\xampp\htdocs\ecommerce\system\Boot.php(325): CodeIgniter\CodeIgniter->run()
#10 C:\xampp\htdocs\ecommerce\system\Boot.php(67): CodeIgniter\Boot::runCodeIgniter(Object(CodeIgniter\CodeIgniter))
#11 C:\xampp\htdocs\ecommerce\public\index.php(56): CodeIgniter\Boot::bootWeb(Object(Config\Paths))
#12 C:\xampp\htdocs\ecommerce\system\rewrite.php(44): require_once('C:\\xampp\\htdocs...')
#13 {main}
CRITICAL - 2024-10-11 07:44:35 --> CodeIgniter\Database\Exceptions\DatabaseException: Column 'kategori' cannot be null
[Method: POST, Route: keranjang/beli]
in SYSTEMPATH\Database\BaseConnection.php on line 688.
 1 SYSTEMPATH\Database\BaseBuilder.php(2340): CodeIgniter\Database\BaseConnection->query('INSERT INTO `beli` (`user`, `produk`, `ukuran`, `warna`, `images`, `idprod`, `harga`, `jumlah`, `kategori`, `total`) VALUES (:user:, :produk:, :ukuran:, :warna:, :images:, :idprod:, :harga:, :jumlah:, :kategori:, :total:)', [...], false)
 2 APPPATH\Models\keranjang.php(31): CodeIgniter\Database\BaseBuilder->insert([...])
 3 APPPATH\Controllers\Coba.php(115): App\Models\keranjang->savebeli([...])
 4 SYSTEMPATH\CodeIgniter.php(933): App\Controllers\Coba->beli()
 5 SYSTEMPATH\CodeIgniter.php(509): CodeIgniter\CodeIgniter->runController(Object(App\Controllers\Coba))
 6 SYSTEMPATH\CodeIgniter.php(355): CodeIgniter\CodeIgniter->handleRequest(null, Object(Config\Cache), false)
 7 SYSTEMPATH\Boot.php(325): CodeIgniter\CodeIgniter->run()
 8 SYSTEMPATH\Boot.php(67): CodeIgniter\Boot::runCodeIgniter(Object(CodeIgniter\CodeIgniter))
 9 FCPATH\index.php(56): CodeIgniter\Boot::bootWeb(Object(Config\Paths))
10 SYSTEMPATH\rewrite.php(44): require_once('C:\\xampp\\htdocs\\ecommerce\\public\\index.php')
CRITICAL - 2024-10-11 07:44:35 --> [Caused by] CodeIgniter\Database\Exceptions\DatabaseException: Column 'kategori' cannot be null
in SYSTEMPATH\Database\MySQLi\Connection.php on line 317.
 1 SYSTEMPATH\Database\BaseConnection.php(734): CodeIgniter\Database\MySQLi\Connection->execute('INSERT INTO `beli` (`user`, `produk`, `ukuran`, `warna`, `images`, `idprod`, `harga`, `jumlah`, `kategori`, `total`) VALUES (\'1\', \'Only Check Trouser\', \'35\', \'Biru\', \'men\', \'P3\', \'299000\', \'1\', NULL, 299000)')
 2 SYSTEMPATH\Database\BaseConnection.php(648): CodeIgniter\Database\BaseConnection->simpleQuery('INSERT INTO `beli` (`user`, `produk`, `ukuran`, `warna`, `images`, `idprod`, `harga`, `jumlah`, `kategori`, `total`) VALUES (\'1\', \'Only Check Trouser\', \'35\', \'Biru\', \'men\', \'P3\', \'299000\', \'1\', NULL, 299000)')
 3 SYSTEMPATH\Database\BaseBuilder.php(2340): CodeIgniter\Database\BaseConnection->query('INSERT INTO `beli` (`user`, `produk`, `ukuran`, `warna`, `images`, `idprod`, `harga`, `jumlah`, `kategori`, `total`) VALUES (:user:, :produk:, :ukuran:, :warna:, :images:, :idprod:, :harga:, :jumlah:, :kategori:, :total:)', [...], false)
 4 APPPATH\Models\keranjang.php(31): CodeIgniter\Database\BaseBuilder->insert([...])
 5 APPPATH\Controllers\Coba.php(115): App\Models\keranjang->savebeli([...])
 6 SYSTEMPATH\CodeIgniter.php(933): App\Controllers\Coba->beli()
 7 SYSTEMPATH\CodeIgniter.php(509): CodeIgniter\CodeIgniter->runController(Object(App\Controllers\Coba))
 8 SYSTEMPATH\CodeIgniter.php(355): CodeIgniter\CodeIgniter->handleRequest(null, Object(Config\Cache), false)
 9 SYSTEMPATH\Boot.php(325): CodeIgniter\CodeIgniter->run()
10 SYSTEMPATH\Boot.php(67): CodeIgniter\Boot::runCodeIgniter(Object(CodeIgniter\CodeIgniter))
11 FCPATH\index.php(56): CodeIgniter\Boot::bootWeb(Object(Config\Paths))
12 SYSTEMPATH\rewrite.php(44): require_once('C:\\xampp\\htdocs\\ecommerce\\public\\index.php')
CRITICAL - 2024-10-11 07:44:35 --> [Caused by] mysqli_sql_exception: Column 'kategori' cannot be null
in SYSTEMPATH\Database\MySQLi\Connection.php on line 312.
 1 SYSTEMPATH\Database\MySQLi\Connection.php(312): mysqli->query('INSERT INTO `beli` (`user`, `produk`, `ukuran`, `warna`, `images`, `idprod`, `harga`, `jumlah`, `kategori`, `total`) VALUES (\'1\', \'Only Check Trouser\', \'35\', \'Biru\', \'men\', \'P3\', \'299000\', \'1\', NULL, 299000)', 0)
 2 SYSTEMPATH\Database\BaseConnection.php(734): CodeIgniter\Database\MySQLi\Connection->execute('INSERT INTO `beli` (`user`, `produk`, `ukuran`, `warna`, `images`, `idprod`, `harga`, `jumlah`, `kategori`, `total`) VALUES (\'1\', \'Only Check Trouser\', \'35\', \'Biru\', \'men\', \'P3\', \'299000\', \'1\', NULL, 299000)')
 3 SYSTEMPATH\Database\BaseConnection.php(648): CodeIgniter\Database\BaseConnection->simpleQuery('INSERT INTO `beli` (`user`, `produk`, `ukuran`, `warna`, `images`, `idprod`, `harga`, `jumlah`, `kategori`, `total`) VALUES (\'1\', \'Only Check Trouser\', \'35\', \'Biru\', \'men\', \'P3\', \'299000\', \'1\', NULL, 299000)')
 4 SYSTEMPATH\Database\BaseBuilder.php(2340): CodeIgniter\Database\BaseConnection->query('INSERT INTO `beli` (`user`, `produk`, `ukuran`, `warna`, `images`, `idprod`, `harga`, `jumlah`, `kategori`, `total`) VALUES (:user:, :produk:, :ukuran:, :warna:, :images:, :idprod:, :harga:, :jumlah:, :kategori:, :total:)', [...], false)
 5 APPPATH\Models\keranjang.php(31): CodeIgniter\Database\BaseBuilder->insert([...])
 6 APPPATH\Controllers\Coba.php(115): App\Models\keranjang->savebeli([...])
 7 SYSTEMPATH\CodeIgniter.php(933): App\Controllers\Coba->beli()
 8 SYSTEMPATH\CodeIgniter.php(509): CodeIgniter\CodeIgniter->runController(Object(App\Controllers\Coba))
 9 SYSTEMPATH\CodeIgniter.php(355): CodeIgniter\CodeIgniter->handleRequest(null, Object(Config\Cache), false)
10 SYSTEMPATH\Boot.php(325): CodeIgniter\CodeIgniter->run()
11 SYSTEMPATH\Boot.php(67): CodeIgniter\Boot::runCodeIgniter(Object(CodeIgniter\CodeIgniter))
12 FCPATH\index.php(56): CodeIgniter\Boot::bootWeb(Object(Config\Paths))
13 SYSTEMPATH\rewrite.php(44): require_once('C:\\xampp\\htdocs\\ecommerce\\public\\index.php')
ERROR - 2024-10-11 08:06:31 --> mysqli_sql_exception: Column 'kategori' cannot be null in C:\xampp\htdocs\ecommerce\system\Database\MySQLi\Connection.php:312
Stack trace:
#0 C:\xampp\htdocs\ecommerce\system\Database\MySQLi\Connection.php(312): mysqli->query('INSERT INTO `be...', 0)
#1 C:\xampp\htdocs\ecommerce\system\Database\BaseConnection.php(734): CodeIgniter\Database\MySQLi\Connection->execute('INSERT INTO `be...')
#2 C:\xampp\htdocs\ecommerce\system\Database\BaseConnection.php(648): CodeIgniter\Database\BaseConnection->simpleQuery('INSERT INTO `be...')
#3 C:\xampp\htdocs\ecommerce\system\Database\BaseBuilder.php(2340): CodeIgniter\Database\BaseConnection->query('INSERT INTO `be...', Array, false)
#4 C:\xampp\htdocs\ecommerce\app\Models\keranjang.php(31): CodeIgniter\Database\BaseBuilder->insert(Array)
#5 C:\xampp\htdocs\ecommerce\app\Controllers\Coba.php(129): App\Models\keranjang->savebeli(Array)
#6 C:\xampp\htdocs\ecommerce\system\CodeIgniter.php(933): App\Controllers\Coba->beli()
#7 C:\xampp\htdocs\ecommerce\system\CodeIgniter.php(509): CodeIgniter\CodeIgniter->runController(Object(App\Controllers\Coba))
#8 C:\xampp\htdocs\ecommerce\system\CodeIgniter.php(355): CodeIgniter\CodeIgniter->handleRequest(NULL, Object(Config\Cache), false)
#9 C:\xampp\htdocs\ecommerce\system\Boot.php(325): CodeIgniter\CodeIgniter->run()
#10 C:\xampp\htdocs\ecommerce\system\Boot.php(67): CodeIgniter\Boot::runCodeIgniter(Object(CodeIgniter\CodeIgniter))
#11 C:\xampp\htdocs\ecommerce\public\index.php(56): CodeIgniter\Boot::bootWeb(Object(Config\Paths))
#12 C:\xampp\htdocs\ecommerce\system\rewrite.php(44): require_once('C:\\xampp\\htdocs...')
#13 {main}
CRITICAL - 2024-10-11 08:06:31 --> CodeIgniter\Database\Exceptions\DatabaseException: Column 'kategori' cannot be null
[Method: POST, Route: keranjang/beli]
in SYSTEMPATH\Database\BaseConnection.php on line 688.
 1 SYSTEMPATH\Database\BaseBuilder.php(2340): CodeIgniter\Database\BaseConnection->query('INSERT INTO `beli` (`user`, `produk`, `ukuran`, `warna`, `images`, `idprod`, `harga`, `jumlah`, `kategori`, `total`) VALUES (:user:, :produk:, :ukuran:, :warna:, :images:, :idprod:, :harga:, :jumlah:, :kategori:, :total:)', [...], false)
 2 APPPATH\Models\keranjang.php(31): CodeIgniter\Database\BaseBuilder->insert([...])
 3 APPPATH\Controllers\Coba.php(129): App\Models\keranjang->savebeli([...])
 4 SYSTEMPATH\CodeIgniter.php(933): App\Controllers\Coba->beli()
 5 SYSTEMPATH\CodeIgniter.php(509): CodeIgniter\CodeIgniter->runController(Object(App\Controllers\Coba))
 6 SYSTEMPATH\CodeIgniter.php(355): CodeIgniter\CodeIgniter->handleRequest(null, Object(Config\Cache), false)
 7 SYSTEMPATH\Boot.php(325): CodeIgniter\CodeIgniter->run()
 8 SYSTEMPATH\Boot.php(67): CodeIgniter\Boot::runCodeIgniter(Object(CodeIgniter\CodeIgniter))
 9 FCPATH\index.php(56): CodeIgniter\Boot::bootWeb(Object(Config\Paths))
10 SYSTEMPATH\rewrite.php(44): require_once('C:\\xampp\\htdocs\\ecommerce\\public\\index.php')
CRITICAL - 2024-10-11 08:06:31 --> [Caused by] CodeIgniter\Database\Exceptions\DatabaseException: Column 'kategori' cannot be null
in SYSTEMPATH\Database\MySQLi\Connection.php on line 317.
 1 SYSTEMPATH\Database\BaseConnection.php(734): CodeIgniter\Database\MySQLi\Connection->execute('INSERT INTO `beli` (`user`, `produk`, `ukuran`, `warna`, `images`, `idprod`, `harga`, `jumlah`, `kategori`, `total`) VALUES (\'1\', \'Converse All Star Hi Plimsolls\', \'43\', \'Hitam dan Putih\', \'product-09.jpg\', \'P7\', \'650000\', \'4\', NULL, 2600000)')
 2 SYSTEMPATH\Database\BaseConnection.php(648): CodeIgniter\Database\BaseConnection->simpleQuery('INSERT INTO `beli` (`user`, `produk`, `ukuran`, `warna`, `images`, `idprod`, `harga`, `jumlah`, `kategori`, `total`) VALUES (\'1\', \'Converse All Star Hi Plimsolls\', \'43\', \'Hitam dan Putih\', \'product-09.jpg\', \'P7\', \'650000\', \'4\', NULL, 2600000)')
 3 SYSTEMPATH\Database\BaseBuilder.php(2340): CodeIgniter\Database\BaseConnection->query('INSERT INTO `beli` (`user`, `produk`, `ukuran`, `warna`, `images`, `idprod`, `harga`, `jumlah`, `kategori`, `total`) VALUES (:user:, :produk:, :ukuran:, :warna:, :images:, :idprod:, :harga:, :jumlah:, :kategori:, :total:)', [...], false)
 4 APPPATH\Models\keranjang.php(31): CodeIgniter\Database\BaseBuilder->insert([...])
 5 APPPATH\Controllers\Coba.php(129): App\Models\keranjang->savebeli([...])
 6 SYSTEMPATH\CodeIgniter.php(933): App\Controllers\Coba->beli()
 7 SYSTEMPATH\CodeIgniter.php(509): CodeIgniter\CodeIgniter->runController(Object(App\Controllers\Coba))
 8 SYSTEMPATH\CodeIgniter.php(355): CodeIgniter\CodeIgniter->handleRequest(null, Object(Config\Cache), false)
 9 SYSTEMPATH\Boot.php(325): CodeIgniter\CodeIgniter->run()
10 SYSTEMPATH\Boot.php(67): CodeIgniter\Boot::runCodeIgniter(Object(CodeIgniter\CodeIgniter))
11 FCPATH\index.php(56): CodeIgniter\Boot::bootWeb(Object(Config\Paths))
12 SYSTEMPATH\rewrite.php(44): require_once('C:\\xampp\\htdocs\\ecommerce\\public\\index.php')
CRITICAL - 2024-10-11 08:06:31 --> [Caused by] mysqli_sql_exception: Column 'kategori' cannot be null
in SYSTEMPATH\Database\MySQLi\Connection.php on line 312.
 1 SYSTEMPATH\Database\MySQLi\Connection.php(312): mysqli->query('INSERT INTO `beli` (`user`, `produk`, `ukuran`, `warna`, `images`, `idprod`, `harga`, `jumlah`, `kategori`, `total`) VALUES (\'1\', \'Converse All Star Hi Plimsolls\', \'43\', \'Hitam dan Putih\', \'product-09.jpg\', \'P7\', \'650000\', \'4\', NULL, 2600000)', 0)
 2 SYSTEMPATH\Database\BaseConnection.php(734): CodeIgniter\Database\MySQLi\Connection->execute('INSERT INTO `beli` (`user`, `produk`, `ukuran`, `warna`, `images`, `idprod`, `harga`, `jumlah`, `kategori`, `total`) VALUES (\'1\', \'Converse All Star Hi Plimsolls\', \'43\', \'Hitam dan Putih\', \'product-09.jpg\', \'P7\', \'650000\', \'4\', NULL, 2600000)')
 3 SYSTEMPATH\Database\BaseConnection.php(648): CodeIgniter\Database\BaseConnection->simpleQuery('INSERT INTO `beli` (`user`, `produk`, `ukuran`, `warna`, `images`, `idprod`, `harga`, `jumlah`, `kategori`, `total`) VALUES (\'1\', \'Converse All Star Hi Plimsolls\', \'43\', \'Hitam dan Putih\', \'product-09.jpg\', \'P7\', \'650000\', \'4\', NULL, 2600000)')
 4 SYSTEMPATH\Database\BaseBuilder.php(2340): CodeIgniter\Database\BaseConnection->query('INSERT INTO `beli` (`user`, `produk`, `ukuran`, `warna`, `images`, `idprod`, `harga`, `jumlah`, `kategori`, `total`) VALUES (:user:, :produk:, :ukuran:, :warna:, :images:, :idprod:, :harga:, :jumlah:, :kategori:, :total:)', [...], false)
 5 APPPATH\Models\keranjang.php(31): CodeIgniter\Database\BaseBuilder->insert([...])
 6 APPPATH\Controllers\Coba.php(129): App\Models\keranjang->savebeli([...])
 7 SYSTEMPATH\CodeIgniter.php(933): App\Controllers\Coba->beli()
 8 SYSTEMPATH\CodeIgniter.php(509): CodeIgniter\CodeIgniter->runController(Object(App\Controllers\Coba))
 9 SYSTEMPATH\CodeIgniter.php(355): CodeIgniter\CodeIgniter->handleRequest(null, Object(Config\Cache), false)
10 SYSTEMPATH\Boot.php(325): CodeIgniter\CodeIgniter->run()
11 SYSTEMPATH\Boot.php(67): CodeIgniter\Boot::runCodeIgniter(Object(CodeIgniter\CodeIgniter))
12 FCPATH\index.php(56): CodeIgniter\Boot::bootWeb(Object(Config\Paths))
13 SYSTEMPATH\rewrite.php(44): require_once('C:\\xampp\\htdocs\\ecommerce\\public\\index.php')
WARNING - 2024-10-11 08:09:12 --> [DEPRECATED] number_format(): Passing null to parameter #1 ($num) of type float is deprecated in APPPATH\Views\fitur.php on line 357.
 1 APPPATH\Views\fitur.php(357): number_format(null, 0, ',', '.')
 2 SYSTEMPATH\View\View.php(234): include('C:\\xampp\\htdocs\\ecommerce\\app\\Views\\fitur.php')
 3 SYSTEMPATH\View\View.php(237): CodeIgniter\View\View->CodeIgniter\View\{closure}()
 4 SYSTEMPATH\Common.php(1171): CodeIgniter\View\View->render('fitur', [], true)
 5 APPPATH\Controllers\Coba.php(51): view('fitur', [...])
 6 SYSTEMPATH\CodeIgniter.php(933): App\Controllers\Coba->fitur()
 7 SYSTEMPATH\CodeIgniter.php(509): CodeIgniter\CodeIgniter->runController(Object(App\Controllers\Coba))
 8 SYSTEMPATH\CodeIgniter.php(355): CodeIgniter\CodeIgniter->handleRequest(null, Object(Config\Cache), false)
 9 SYSTEMPATH\Boot.php(325): CodeIgniter\CodeIgniter->run()
10 SYSTEMPATH\Boot.php(67): CodeIgniter\Boot::runCodeIgniter(Object(CodeIgniter\CodeIgniter))
11 FCPATH\index.php(56): CodeIgniter\Boot::bootWeb(Object(Config\Paths))
12 SYSTEMPATH\rewrite.php(44): require_once('C:\\xampp\\htdocs\\ecommerce\\public\\index.php')
WARNING - 2024-10-11 08:09:15 --> [DEPRECATED] number_format(): Passing null to parameter #1 ($num) of type float is deprecated in APPPATH\Views\index.php on line 282.
 1 APPPATH\Views\index.php(282): number_format(null, 0, ',', '.')
 2 SYSTEMPATH\View\View.php(234): include('C:\\xampp\\htdocs\\ecommerce\\app\\Views\\index.php')
 3 SYSTEMPATH\View\View.php(237): CodeIgniter\View\View->CodeIgniter\View\{closure}()
 4 SYSTEMPATH\Common.php(1171): CodeIgniter\View\View->render('index', [], true)
 5 APPPATH\Controllers\Coba.php(23): view('index', [...])
 6 SYSTEMPATH\CodeIgniter.php(933): App\Controllers\Coba->index()
 7 SYSTEMPATH\CodeIgniter.php(509): CodeIgniter\CodeIgniter->runController(Object(App\Controllers\Coba))
 8 SYSTEMPATH\CodeIgniter.php(355): CodeIgniter\CodeIgniter->handleRequest(null, Object(Config\Cache), false)
 9 SYSTEMPATH\Boot.php(325): CodeIgniter\CodeIgniter->run()
10 SYSTEMPATH\Boot.php(67): CodeIgniter\Boot::runCodeIgniter(Object(CodeIgniter\CodeIgniter))
11 FCPATH\index.php(56): CodeIgniter\Boot::bootWeb(Object(Config\Paths))
12 SYSTEMPATH\rewrite.php(44): require_once('C:\\xampp\\htdocs\\ecommerce\\public\\index.php')
CRITICAL - 2024-10-11 08:13:41 --> ArgumentCountError: Too few arguments to function App\Models\keranjang::editKeranjang(), 1 passed in C:\xampp\htdocs\ecommerce\app\Controllers\Coba.php on line 104 and exactly 2 expected
[Method: POST, Route: keranjang/update]
in APPPATH\Models\keranjang.php on line 40.
 1 APPPATH\Controllers\Coba.php(104): App\Models\keranjang->editKeranjang([...])
 2 SYSTEMPATH\CodeIgniter.php(933): App\Controllers\Coba->update()
 3 SYSTEMPATH\CodeIgniter.php(509): CodeIgniter\CodeIgniter->runController(Object(App\Controllers\Coba))
 4 SYSTEMPATH\CodeIgniter.php(355): CodeIgniter\CodeIgniter->handleRequest(null, Object(Config\Cache), false)
 5 SYSTEMPATH\Boot.php(325): CodeIgniter\CodeIgniter->run()
 6 SYSTEMPATH\Boot.php(67): CodeIgniter\Boot::runCodeIgniter(Object(CodeIgniter\CodeIgniter))
 7 FCPATH\index.php(56): CodeIgniter\Boot::bootWeb(Object(Config\Paths))
 8 SYSTEMPATH\rewrite.php(44): require_once('C:\\xampp\\htdocs\\ecommerce\\public\\index.php')
CRITICAL - 2024-10-11 08:16:34 --> ArgumentCountError: Too few arguments to function App\Models\keranjang::editKeranjang(), 1 passed in C:\xampp\htdocs\ecommerce\app\Controllers\Coba.php on line 104 and exactly 2 expected
[Method: POST, Route: keranjang/update]
in APPPATH\Models\keranjang.php on line 40.
 1 APPPATH\Controllers\Coba.php(104): App\Models\keranjang->editKeranjang([...])
 2 SYSTEMPATH\CodeIgniter.php(933): App\Controllers\Coba->update()
 3 SYSTEMPATH\CodeIgniter.php(509): CodeIgniter\CodeIgniter->runController(Object(App\Controllers\Coba))
 4 SYSTEMPATH\CodeIgniter.php(355): CodeIgniter\CodeIgniter->handleRequest(null, Object(Config\Cache), false)
 5 SYSTEMPATH\Boot.php(325): CodeIgniter\CodeIgniter->run()
 6 SYSTEMPATH\Boot.php(67): CodeIgniter\Boot::runCodeIgniter(Object(CodeIgniter\CodeIgniter))
 7 FCPATH\index.php(56): CodeIgniter\Boot::bootWeb(Object(Config\Paths))
 8 SYSTEMPATH\rewrite.php(44): require_once('C:\\xampp\\htdocs\\ecommerce\\public\\index.php')
CRITICAL - 2024-10-11 08:16:51 --> ArgumentCountError: Too few arguments to function App\Models\keranjang::editKeranjang(), 1 passed in C:\xampp\htdocs\ecommerce\app\Controllers\Coba.php on line 104 and exactly 2 expected
[Method: POST, Route: keranjang/update]
in APPPATH\Models\keranjang.php on line 40.
 1 APPPATH\Controllers\Coba.php(104): App\Models\keranjang->editKeranjang([...])
 2 SYSTEMPATH\CodeIgniter.php(933): App\Controllers\Coba->update()
 3 SYSTEMPATH\CodeIgniter.php(509): CodeIgniter\CodeIgniter->runController(Object(App\Controllers\Coba))
 4 SYSTEMPATH\CodeIgniter.php(355): CodeIgniter\CodeIgniter->handleRequest(null, Object(Config\Cache), false)
 5 SYSTEMPATH\Boot.php(325): CodeIgniter\CodeIgniter->run()
 6 SYSTEMPATH\Boot.php(67): CodeIgniter\Boot::runCodeIgniter(Object(CodeIgniter\CodeIgniter))
 7 FCPATH\index.php(56): CodeIgniter\Boot::bootWeb(Object(Config\Paths))
 8 SYSTEMPATH\rewrite.php(44): require_once('C:\\xampp\\htdocs\\ecommerce\\public\\index.php')
CRITICAL - 2024-10-11 08:37:29 --> ErrorException: Undefined variable $total
[Method: POST, Route: keranjang/update]
in APPPATH\Controllers\Coba.php on line 100.
 1 APPPATH\Controllers\Coba.php(100): CodeIgniter\Debug\Exceptions->errorHandler(2, 'Undefined variable $total', 'C:\\xampp\\htdocs\\ecommerce\\app\\Controllers\\Coba.php', 100)
 2 SYSTEMPATH\CodeIgniter.php(933): App\Controllers\Coba->update()
 3 SYSTEMPATH\CodeIgniter.php(509): CodeIgniter\CodeIgniter->runController(Object(App\Controllers\Coba))
 4 SYSTEMPATH\CodeIgniter.php(355): CodeIgniter\CodeIgniter->handleRequest(null, Object(Config\Cache), false)
 5 SYSTEMPATH\Boot.php(325): CodeIgniter\CodeIgniter->run()
 6 SYSTEMPATH\Boot.php(67): CodeIgniter\Boot::runCodeIgniter(Object(CodeIgniter\CodeIgniter))
 7 FCPATH\index.php(56): CodeIgniter\Boot::bootWeb(Object(Config\Paths))
 8 SYSTEMPATH\rewrite.php(44): require_once('C:\\xampp\\htdocs\\ecommerce\\public\\index.php')
WARNING - 2024-10-11 08:42:59 --> [DEPRECATED] number_format(): Passing null to parameter #1 ($num) of type float is deprecated in APPPATH\Views\fitur.php on line 357.
 1 APPPATH\Views\fitur.php(357): number_format(null, 0, ',', '.')
 2 SYSTEMPATH\View\View.php(234): include('C:\\xampp\\htdocs\\ecommerce\\app\\Views\\fitur.php')
 3 SYSTEMPATH\View\View.php(237): CodeIgniter\View\View->CodeIgniter\View\{closure}()
 4 SYSTEMPATH\Common.php(1171): CodeIgniter\View\View->render('fitur', [], true)
 5 APPPATH\Controllers\Coba.php(51): view('fitur', [...])
 6 SYSTEMPATH\CodeIgniter.php(933): App\Controllers\Coba->fitur()
 7 SYSTEMPATH\CodeIgniter.php(509): CodeIgniter\CodeIgniter->runController(Object(App\Controllers\Coba))
 8 SYSTEMPATH\CodeIgniter.php(355): CodeIgniter\CodeIgniter->handleRequest(null, Object(Config\Cache), false)
 9 SYSTEMPATH\Boot.php(325): CodeIgniter\CodeIgniter->run()
10 SYSTEMPATH\Boot.php(67): CodeIgniter\Boot::runCodeIgniter(Object(CodeIgniter\CodeIgniter))
11 FCPATH\index.php(56): CodeIgniter\Boot::bootWeb(Object(Config\Paths))
12 SYSTEMPATH\rewrite.php(44): require_once('C:\\xampp\\htdocs\\ecommerce\\public\\index.php')
