CRITICAL - 2024-10-15 06:05:44 --> ErrorException: Undefined property: stdClass::$nama
[Method: GET, Route: keranjang/edit/106]
in APPPATH\Views\updateproduk.php on line 389.
 1 APPPATH\Views\updateproduk.php(389): CodeIgniter\Debug\Exceptions->errorHandler(2, 'Undefined property: stdClass::$nama', 'C:\\xampp\\htdocs\\ecommerce\\app\\Views\\updateproduk.php', 389)
 2 SYSTEMPATH\View\View.php(234): include('C:\\xampp\\htdocs\\ecommerce\\app\\Views\\updateproduk.php')
 3 SYSTEMPATH\View\View.php(237): CodeIgniter\View\View->CodeIgniter\View\{closure}()
 4 SYSTEMPATH\Common.php(1171): CodeIgniter\View\View->render('updateproduk', [], true)
 5 APPPATH\Controllers\Coba.php(81): view('updateproduk', [...])
 6 SYSTEMPATH\CodeIgniter.php(933): App\Controllers\Coba->edit('106')
 7 SYSTEMPATH\CodeIgniter.php(509): CodeIgniter\CodeIgniter->runController(Object(App\Controllers\Coba))
 8 SYSTEMPATH\CodeIgniter.php(355): CodeIgniter\CodeIgniter->handleRequest(null, Object(Config\Cache), false)
 9 SYSTEMPATH\Boot.php(325): CodeIgniter\CodeIgniter->run()
10 SYSTEMPATH\Boot.php(67): CodeIgniter\Boot::runCodeIgniter(Object(CodeIgniter\CodeIgniter))
11 FCPATH\index.php(56): CodeIgniter\Boot::bootWeb(Object(Config\Paths))
12 SYSTEMPATH\rewrite.php(44): require_once('C:\\xampp\\htdocs\\ecommerce\\public\\index.php')
CRITICAL - 2024-10-15 06:06:19 --> ErrorException: Undefined property: stdClass::$nama
[Method: GET, Route: keranjang/edit/108]
in APPPATH\Views\updateproduk.php on line 389.
 1 APPPATH\Views\updateproduk.php(389): CodeIgniter\Debug\Exceptions->errorHandler(2, 'Undefined property: stdClass::$nama', 'C:\\xampp\\htdocs\\ecommerce\\app\\Views\\updateproduk.php', 389)
 2 SYSTEMPATH\View\View.php(234): include('C:\\xampp\\htdocs\\ecommerce\\app\\Views\\updateproduk.php')
 3 SYSTEMPATH\View\View.php(237): CodeIgniter\View\View->CodeIgniter\View\{closure}()
 4 SYSTEMPATH\Common.php(1171): CodeIgniter\View\View->render('updateproduk', [], true)
 5 APPPATH\Controllers\Coba.php(81): view('updateproduk', [...])
 6 SYSTEMPATH\CodeIgniter.php(933): App\Controllers\Coba->edit('108')
 7 SYSTEMPATH\CodeIgniter.php(509): CodeIgniter\CodeIgniter->runController(Object(App\Controllers\Coba))
 8 SYSTEMPATH\CodeIgniter.php(355): CodeIgniter\CodeIgniter->handleRequest(null, Object(Config\Cache), false)
 9 SYSTEMPATH\Boot.php(325): CodeIgniter\CodeIgniter->run()
10 SYSTEMPATH\Boot.php(67): CodeIgniter\Boot::runCodeIgniter(Object(CodeIgniter\CodeIgniter))
11 FCPATH\index.php(56): CodeIgniter\Boot::bootWeb(Object(Config\Paths))
12 SYSTEMPATH\rewrite.php(44): require_once('C:\\xampp\\htdocs\\ecommerce\\public\\index.php')
CRITICAL - 2024-10-15 08:12:56 --> mysqli_sql_exception: Unknown database 'polmil'
[Method: GET, Route: login]
in APPPATH\Views\login.php on line 9.
 1 APPPATH\Views\login.php(9): mysqli_connect('localhost', 'root', Object(SensitiveParameterValue), 'polmil')
 2 SYSTEMPATH\View\View.php(234): include('C:\\xampp\\htdocs\\ecommerce\\app\\Views\\login.php')
 3 SYSTEMPATH\View\View.php(237): CodeIgniter\View\View->CodeIgniter\View\{closure}()
 4 SYSTEMPATH\Common.php(1171): CodeIgniter\View\View->render('login', [], true)
 5 APPPATH\Controllers\Coba.php(58): view('login', [...])
 6 SYSTEMPATH\CodeIgniter.php(933): App\Controllers\Coba->login()
 7 SYSTEMPATH\CodeIgniter.php(509): CodeIgniter\CodeIgniter->runController(Object(App\Controllers\Coba))
 8 SYSTEMPATH\CodeIgniter.php(355): CodeIgniter\CodeIgniter->handleRequest(null, Object(Config\Cache), false)
 9 SYSTEMPATH\Boot.php(325): CodeIgniter\CodeIgniter->run()
10 SYSTEMPATH\Boot.php(67): CodeIgniter\Boot::runCodeIgniter(Object(CodeIgniter\CodeIgniter))
11 FCPATH\index.php(56): CodeIgniter\Boot::bootWeb(Object(Config\Paths))
12 SYSTEMPATH\rewrite.php(44): require_once('C:\\xampp\\htdocs\\ecommerce\\public\\index.php')
CRITICAL - 2024-10-15 08:12:57 --> mysqli_sql_exception: Unknown database 'polmil'
[Method: GET, Route: login]
in APPPATH\Views\login.php on line 9.
 1 APPPATH\Views\login.php(9): mysqli_connect('localhost', 'root', Object(SensitiveParameterValue), 'polmil')
 2 SYSTEMPATH\View\View.php(234): include('C:\\xampp\\htdocs\\ecommerce\\app\\Views\\login.php')
 3 SYSTEMPATH\View\View.php(237): CodeIgniter\View\View->CodeIgniter\View\{closure}()
 4 SYSTEMPATH\Common.php(1171): CodeIgniter\View\View->render('login', [], true)
 5 APPPATH\Controllers\Coba.php(58): view('login', [...])
 6 SYSTEMPATH\CodeIgniter.php(933): App\Controllers\Coba->login()
 7 SYSTEMPATH\CodeIgniter.php(509): CodeIgniter\CodeIgniter->runController(Object(App\Controllers\Coba))
 8 SYSTEMPATH\CodeIgniter.php(355): CodeIgniter\CodeIgniter->handleRequest(null, Object(Config\Cache), false)
 9 SYSTEMPATH\Boot.php(325): CodeIgniter\CodeIgniter->run()
10 SYSTEMPATH\Boot.php(67): CodeIgniter\Boot::runCodeIgniter(Object(CodeIgniter\CodeIgniter))
11 FCPATH\index.php(56): CodeIgniter\Boot::bootWeb(Object(Config\Paths))
12 SYSTEMPATH\rewrite.php(44): require_once('C:\\xampp\\htdocs\\ecommerce\\public\\index.php')
CRITICAL - 2024-10-15 08:15:17 --> ErrorException: Undefined property: stdClass::$nama
[Method: GET, Route: keranjang/edit/106]
in APPPATH\Views\updateproduk.php on line 389.
 1 APPPATH\Views\updateproduk.php(389): CodeIgniter\Debug\Exceptions->errorHandler(2, 'Undefined property: stdClass::$nama', 'C:\\xampp\\htdocs\\ecommerce\\app\\Views\\updateproduk.php', 389)
 2 SYSTEMPATH\View\View.php(234): include('C:\\xampp\\htdocs\\ecommerce\\app\\Views\\updateproduk.php')
 3 SYSTEMPATH\View\View.php(237): CodeIgniter\View\View->CodeIgniter\View\{closure}()
 4 SYSTEMPATH\Common.php(1171): CodeIgniter\View\View->render('updateproduk', [], true)
 5 APPPATH\Controllers\Coba.php(81): view('updateproduk', [...])
 6 SYSTEMPATH\CodeIgniter.php(933): App\Controllers\Coba->edit('106')
 7 SYSTEMPATH\CodeIgniter.php(509): CodeIgniter\CodeIgniter->runController(Object(App\Controllers\Coba))
 8 SYSTEMPATH\CodeIgniter.php(355): CodeIgniter\CodeIgniter->handleRequest(null, Object(Config\Cache), false)
 9 SYSTEMPATH\Boot.php(325): CodeIgniter\CodeIgniter->run()
10 SYSTEMPATH\Boot.php(67): CodeIgniter\Boot::runCodeIgniter(Object(CodeIgniter\CodeIgniter))
11 FCPATH\index.php(56): CodeIgniter\Boot::bootWeb(Object(Config\Paths))
12 SYSTEMPATH\rewrite.php(44): require_once('C:\\xampp\\htdocs\\ecommerce\\public\\index.php')
CRITICAL - 2024-10-15 08:36:23 --> ParseError: syntax error, unexpected token "=>", expecting ")"
[Method: GET, Route: fitur]
in APPPATH\Models\keranjang.php on line 43.
 1 SYSTEMPATH\Autoloader\Autoloader.php(296): CodeIgniter\Autoloader\Autoloader->includeFile('C:\\xampp\\htdocs\\ecommerce\\app\\Models\\keranjang.php')
 2 SYSTEMPATH\Autoloader\Autoloader.php(272): CodeIgniter\Autoloader\Autoloader->loadInNamespace('App\\Models\\keranjang')
 3 APPPATH\Controllers\Coba.php(43): CodeIgniter\Autoloader\Autoloader->loadClass('App\\Models\\keranjang')
 4 SYSTEMPATH\CodeIgniter.php(933): App\Controllers\Coba->fitur()
 5 SYSTEMPATH\CodeIgniter.php(509): CodeIgniter\CodeIgniter->runController(Object(App\Controllers\Coba))
 6 SYSTEMPATH\CodeIgniter.php(355): CodeIgniter\CodeIgniter->handleRequest(null, Object(Config\Cache), false)
 7 SYSTEMPATH\Boot.php(325): CodeIgniter\CodeIgniter->run()
 8 SYSTEMPATH\Boot.php(67): CodeIgniter\Boot::runCodeIgniter(Object(CodeIgniter\CodeIgniter))
 9 FCPATH\index.php(56): CodeIgniter\Boot::bootWeb(Object(Config\Paths))
10 SYSTEMPATH\rewrite.php(44): require_once('C:\\xampp\\htdocs\\ecommerce\\public\\index.php')
ERROR - 2024-10-15 08:42:01 --> mysqli_sql_exception: Duplicate entry '0' for key 'PRIMARY' in C:\xampp\htdocs\ecommerce\system\Database\MySQLi\Connection.php:312
Stack trace:
#0 C:\xampp\htdocs\ecommerce\system\Database\MySQLi\Connection.php(312): mysqli->query('UPDATE `beli` S...', 0)
#1 C:\xampp\htdocs\ecommerce\system\Database\BaseConnection.php(734): CodeIgniter\Database\MySQLi\Connection->execute('UPDATE `beli` S...')
#2 C:\xampp\htdocs\ecommerce\system\Database\BaseConnection.php(648): CodeIgniter\Database\BaseConnection->simpleQuery('UPDATE `beli` S...')
#3 C:\xampp\htdocs\ecommerce\system\Database\BaseBuilder.php(2516): CodeIgniter\Database\BaseConnection->query('UPDATE `beli` S...', Array, false)
#4 C:\xampp\htdocs\ecommerce\app\Models\keranjang.php(43): CodeIgniter\Database\BaseBuilder->update(Array)
#5 C:\xampp\htdocs\ecommerce\app\Controllers\Coba.php(104): App\Models\keranjang->editK(Array, 'P7')
#6 C:\xampp\htdocs\ecommerce\system\CodeIgniter.php(933): App\Controllers\Coba->update()
#7 C:\xampp\htdocs\ecommerce\system\CodeIgniter.php(509): CodeIgniter\CodeIgniter->runController(Object(App\Controllers\Coba))
#8 C:\xampp\htdocs\ecommerce\system\CodeIgniter.php(355): CodeIgniter\CodeIgniter->handleRequest(NULL, Object(Config\Cache), false)
#9 C:\xampp\htdocs\ecommerce\system\Boot.php(325): CodeIgniter\CodeIgniter->run()
#10 C:\xampp\htdocs\ecommerce\system\Boot.php(67): CodeIgniter\Boot::runCodeIgniter(Object(CodeIgniter\CodeIgniter))
#11 C:\xampp\htdocs\ecommerce\public\index.php(56): CodeIgniter\Boot::bootWeb(Object(Config\Paths))
#12 C:\xampp\htdocs\ecommerce\system\rewrite.php(44): require_once('C:\\xampp\\htdocs...')
#13 {main}
CRITICAL - 2024-10-15 08:42:01 --> CodeIgniter\Database\Exceptions\DatabaseException: Duplicate entry '0' for key 'PRIMARY'
[Method: POST, Route: keranjang/update]
in SYSTEMPATH\Database\BaseConnection.php on line 688.
 1 SYSTEMPATH\Database\BaseBuilder.php(2516): CodeIgniter\Database\BaseConnection->query('UPDATE `beli` SET `id` = :id:, `harga` = :harga:, `jumlah` = :jumlah:, `total` = :total:', [...], false)
 2 APPPATH\Models\keranjang.php(43): CodeIgniter\Database\BaseBuilder->update([...])
 3 APPPATH\Controllers\Coba.php(104): App\Models\keranjang->editK([...], 'P7')
 4 SYSTEMPATH\CodeIgniter.php(933): App\Controllers\Coba->update()
 5 SYSTEMPATH\CodeIgniter.php(509): CodeIgniter\CodeIgniter->runController(Object(App\Controllers\Coba))
 6 SYSTEMPATH\CodeIgniter.php(355): CodeIgniter\CodeIgniter->handleRequest(null, Object(Config\Cache), false)
 7 SYSTEMPATH\Boot.php(325): CodeIgniter\CodeIgniter->run()
 8 SYSTEMPATH\Boot.php(67): CodeIgniter\Boot::runCodeIgniter(Object(CodeIgniter\CodeIgniter))
 9 FCPATH\index.php(56): CodeIgniter\Boot::bootWeb(Object(Config\Paths))
10 SYSTEMPATH\rewrite.php(44): require_once('C:\\xampp\\htdocs\\ecommerce\\public\\index.php')
CRITICAL - 2024-10-15 08:42:01 --> [Caused by] CodeIgniter\Database\Exceptions\DatabaseException: Duplicate entry '0' for key 'PRIMARY'
in SYSTEMPATH\Database\MySQLi\Connection.php on line 317.
 1 SYSTEMPATH\Database\BaseConnection.php(734): CodeIgniter\Database\MySQLi\Connection->execute('UPDATE `beli` SET `id` = \'P7\', `harga` = \'650000\', `jumlah` = \'8\', `total` = 5200000')
 2 SYSTEMPATH\Database\BaseConnection.php(648): CodeIgniter\Database\BaseConnection->simpleQuery('UPDATE `beli` SET `id` = \'P7\', `harga` = \'650000\', `jumlah` = \'8\', `total` = 5200000')
 3 SYSTEMPATH\Database\BaseBuilder.php(2516): CodeIgniter\Database\BaseConnection->query('UPDATE `beli` SET `id` = :id:, `harga` = :harga:, `jumlah` = :jumlah:, `total` = :total:', [...], false)
 4 APPPATH\Models\keranjang.php(43): CodeIgniter\Database\BaseBuilder->update([...])
 5 APPPATH\Controllers\Coba.php(104): App\Models\keranjang->editK([...], 'P7')
 6 SYSTEMPATH\CodeIgniter.php(933): App\Controllers\Coba->update()
 7 SYSTEMPATH\CodeIgniter.php(509): CodeIgniter\CodeIgniter->runController(Object(App\Controllers\Coba))
 8 SYSTEMPATH\CodeIgniter.php(355): CodeIgniter\CodeIgniter->handleRequest(null, Object(Config\Cache), false)
 9 SYSTEMPATH\Boot.php(325): CodeIgniter\CodeIgniter->run()
10 SYSTEMPATH\Boot.php(67): CodeIgniter\Boot::runCodeIgniter(Object(CodeIgniter\CodeIgniter))
11 FCPATH\index.php(56): CodeIgniter\Boot::bootWeb(Object(Config\Paths))
12 SYSTEMPATH\rewrite.php(44): require_once('C:\\xampp\\htdocs\\ecommerce\\public\\index.php')
CRITICAL - 2024-10-15 08:42:01 --> [Caused by] mysqli_sql_exception: Duplicate entry '0' for key 'PRIMARY'
in SYSTEMPATH\Database\MySQLi\Connection.php on line 312.
 1 SYSTEMPATH\Database\MySQLi\Connection.php(312): mysqli->query('UPDATE `beli` SET `id` = \'P7\', `harga` = \'650000\', `jumlah` = \'8\', `total` = 5200000', 0)
 2 SYSTEMPATH\Database\BaseConnection.php(734): CodeIgniter\Database\MySQLi\Connection->execute('UPDATE `beli` SET `id` = \'P7\', `harga` = \'650000\', `jumlah` = \'8\', `total` = 5200000')
 3 SYSTEMPATH\Database\BaseConnection.php(648): CodeIgniter\Database\BaseConnection->simpleQuery('UPDATE `beli` SET `id` = \'P7\', `harga` = \'650000\', `jumlah` = \'8\', `total` = 5200000')
 4 SYSTEMPATH\Database\BaseBuilder.php(2516): CodeIgniter\Database\BaseConnection->query('UPDATE `beli` SET `id` = :id:, `harga` = :harga:, `jumlah` = :jumlah:, `total` = :total:', [...], false)
 5 APPPATH\Models\keranjang.php(43): CodeIgniter\Database\BaseBuilder->update([...])
 6 APPPATH\Controllers\Coba.php(104): App\Models\keranjang->editK([...], 'P7')
 7 SYSTEMPATH\CodeIgniter.php(933): App\Controllers\Coba->update()
 8 SYSTEMPATH\CodeIgniter.php(509): CodeIgniter\CodeIgniter->runController(Object(App\Controllers\Coba))
 9 SYSTEMPATH\CodeIgniter.php(355): CodeIgniter\CodeIgniter->handleRequest(null, Object(Config\Cache), false)
10 SYSTEMPATH\Boot.php(325): CodeIgniter\CodeIgniter->run()
11 SYSTEMPATH\Boot.php(67): CodeIgniter\Boot::runCodeIgniter(Object(CodeIgniter\CodeIgniter))
12 FCPATH\index.php(56): CodeIgniter\Boot::bootWeb(Object(Config\Paths))
13 SYSTEMPATH\rewrite.php(44): require_once('C:\\xampp\\htdocs\\ecommerce\\public\\index.php')
ERROR - 2024-10-15 08:42:33 --> mysqli_sql_exception: Duplicate entry '0' for key 'PRIMARY' in C:\xampp\htdocs\ecommerce\system\Database\MySQLi\Connection.php:312
Stack trace:
#0 C:\xampp\htdocs\ecommerce\system\Database\MySQLi\Connection.php(312): mysqli->query('UPDATE `beli` S...', 0)
#1 C:\xampp\htdocs\ecommerce\system\Database\BaseConnection.php(734): CodeIgniter\Database\MySQLi\Connection->execute('UPDATE `beli` S...')
#2 C:\xampp\htdocs\ecommerce\system\Database\BaseConnection.php(648): CodeIgniter\Database\BaseConnection->simpleQuery('UPDATE `beli` S...')
#3 C:\xampp\htdocs\ecommerce\system\Database\BaseBuilder.php(2516): CodeIgniter\Database\BaseConnection->query('UPDATE `beli` S...', Array, false)
#4 C:\xampp\htdocs\ecommerce\app\Models\keranjang.php(43): CodeIgniter\Database\BaseBuilder->update(Array)
#5 C:\xampp\htdocs\ecommerce\app\Controllers\Coba.php(104): App\Models\keranjang->editK(Array, 'P7')
#6 C:\xampp\htdocs\ecommerce\system\CodeIgniter.php(933): App\Controllers\Coba->update()
#7 C:\xampp\htdocs\ecommerce\system\CodeIgniter.php(509): CodeIgniter\CodeIgniter->runController(Object(App\Controllers\Coba))
#8 C:\xampp\htdocs\ecommerce\system\CodeIgniter.php(355): CodeIgniter\CodeIgniter->handleRequest(NULL, Object(Config\Cache), false)
#9 C:\xampp\htdocs\ecommerce\system\Boot.php(325): CodeIgniter\CodeIgniter->run()
#10 C:\xampp\htdocs\ecommerce\system\Boot.php(67): CodeIgniter\Boot::runCodeIgniter(Object(CodeIgniter\CodeIgniter))
#11 C:\xampp\htdocs\ecommerce\public\index.php(56): CodeIgniter\Boot::bootWeb(Object(Config\Paths))
#12 C:\xampp\htdocs\ecommerce\system\rewrite.php(44): require_once('C:\\xampp\\htdocs...')
#13 {main}
CRITICAL - 2024-10-15 08:42:33 --> CodeIgniter\Database\Exceptions\DatabaseException: Duplicate entry '0' for key 'PRIMARY'
[Method: POST, Route: keranjang/update]
in SYSTEMPATH\Database\BaseConnection.php on line 688.
 1 SYSTEMPATH\Database\BaseBuilder.php(2516): CodeIgniter\Database\BaseConnection->query('UPDATE `beli` SET `id` = :id:, `harga` = :harga:, `jumlah` = :jumlah:, `total` = :total:', [...], false)
 2 APPPATH\Models\keranjang.php(43): CodeIgniter\Database\BaseBuilder->update([...])
 3 APPPATH\Controllers\Coba.php(104): App\Models\keranjang->editK([...], 'P7')
 4 SYSTEMPATH\CodeIgniter.php(933): App\Controllers\Coba->update()
 5 SYSTEMPATH\CodeIgniter.php(509): CodeIgniter\CodeIgniter->runController(Object(App\Controllers\Coba))
 6 SYSTEMPATH\CodeIgniter.php(355): CodeIgniter\CodeIgniter->handleRequest(null, Object(Config\Cache), false)
 7 SYSTEMPATH\Boot.php(325): CodeIgniter\CodeIgniter->run()
 8 SYSTEMPATH\Boot.php(67): CodeIgniter\Boot::runCodeIgniter(Object(CodeIgniter\CodeIgniter))
 9 FCPATH\index.php(56): CodeIgniter\Boot::bootWeb(Object(Config\Paths))
10 SYSTEMPATH\rewrite.php(44): require_once('C:\\xampp\\htdocs\\ecommerce\\public\\index.php')
CRITICAL - 2024-10-15 08:42:33 --> [Caused by] CodeIgniter\Database\Exceptions\DatabaseException: Duplicate entry '0' for key 'PRIMARY'
in SYSTEMPATH\Database\MySQLi\Connection.php on line 317.
 1 SYSTEMPATH\Database\BaseConnection.php(734): CodeIgniter\Database\MySQLi\Connection->execute('UPDATE `beli` SET `id` = \'P7\', `harga` = \'650000\', `jumlah` = \'8\', `total` = 5200000')
 2 SYSTEMPATH\Database\BaseConnection.php(648): CodeIgniter\Database\BaseConnection->simpleQuery('UPDATE `beli` SET `id` = \'P7\', `harga` = \'650000\', `jumlah` = \'8\', `total` = 5200000')
 3 SYSTEMPATH\Database\BaseBuilder.php(2516): CodeIgniter\Database\BaseConnection->query('UPDATE `beli` SET `id` = :id:, `harga` = :harga:, `jumlah` = :jumlah:, `total` = :total:', [...], false)
 4 APPPATH\Models\keranjang.php(43): CodeIgniter\Database\BaseBuilder->update([...])
 5 APPPATH\Controllers\Coba.php(104): App\Models\keranjang->editK([...], 'P7')
 6 SYSTEMPATH\CodeIgniter.php(933): App\Controllers\Coba->update()
 7 SYSTEMPATH\CodeIgniter.php(509): CodeIgniter\CodeIgniter->runController(Object(App\Controllers\Coba))
 8 SYSTEMPATH\CodeIgniter.php(355): CodeIgniter\CodeIgniter->handleRequest(null, Object(Config\Cache), false)
 9 SYSTEMPATH\Boot.php(325): CodeIgniter\CodeIgniter->run()
10 SYSTEMPATH\Boot.php(67): CodeIgniter\Boot::runCodeIgniter(Object(CodeIgniter\CodeIgniter))
11 FCPATH\index.php(56): CodeIgniter\Boot::bootWeb(Object(Config\Paths))
12 SYSTEMPATH\rewrite.php(44): require_once('C:\\xampp\\htdocs\\ecommerce\\public\\index.php')
CRITICAL - 2024-10-15 08:42:33 --> [Caused by] mysqli_sql_exception: Duplicate entry '0' for key 'PRIMARY'
in SYSTEMPATH\Database\MySQLi\Connection.php on line 312.
 1 SYSTEMPATH\Database\MySQLi\Connection.php(312): mysqli->query('UPDATE `beli` SET `id` = \'P7\', `harga` = \'650000\', `jumlah` = \'8\', `total` = 5200000', 0)
 2 SYSTEMPATH\Database\BaseConnection.php(734): CodeIgniter\Database\MySQLi\Connection->execute('UPDATE `beli` SET `id` = \'P7\', `harga` = \'650000\', `jumlah` = \'8\', `total` = 5200000')
 3 SYSTEMPATH\Database\BaseConnection.php(648): CodeIgniter\Database\BaseConnection->simpleQuery('UPDATE `beli` SET `id` = \'P7\', `harga` = \'650000\', `jumlah` = \'8\', `total` = 5200000')
 4 SYSTEMPATH\Database\BaseBuilder.php(2516): CodeIgniter\Database\BaseConnection->query('UPDATE `beli` SET `id` = :id:, `harga` = :harga:, `jumlah` = :jumlah:, `total` = :total:', [...], false)
 5 APPPATH\Models\keranjang.php(43): CodeIgniter\Database\BaseBuilder->update([...])
 6 APPPATH\Controllers\Coba.php(104): App\Models\keranjang->editK([...], 'P7')
 7 SYSTEMPATH\CodeIgniter.php(933): App\Controllers\Coba->update()
 8 SYSTEMPATH\CodeIgniter.php(509): CodeIgniter\CodeIgniter->runController(Object(App\Controllers\Coba))
 9 SYSTEMPATH\CodeIgniter.php(355): CodeIgniter\CodeIgniter->handleRequest(null, Object(Config\Cache), false)
10 SYSTEMPATH\Boot.php(325): CodeIgniter\CodeIgniter->run()
11 SYSTEMPATH\Boot.php(67): CodeIgniter\Boot::runCodeIgniter(Object(CodeIgniter\CodeIgniter))
12 FCPATH\index.php(56): CodeIgniter\Boot::bootWeb(Object(Config\Paths))
13 SYSTEMPATH\rewrite.php(44): require_once('C:\\xampp\\htdocs\\ecommerce\\public\\index.php')
ERROR - 2024-10-15 08:43:04 --> mysqli_sql_exception: Duplicate entry '0' for key 'PRIMARY' in C:\xampp\htdocs\ecommerce\system\Database\MySQLi\Connection.php:312
Stack trace:
#0 C:\xampp\htdocs\ecommerce\system\Database\MySQLi\Connection.php(312): mysqli->query('UPDATE `beli` S...', 0)
#1 C:\xampp\htdocs\ecommerce\system\Database\BaseConnection.php(734): CodeIgniter\Database\MySQLi\Connection->execute('UPDATE `beli` S...')
#2 C:\xampp\htdocs\ecommerce\system\Database\BaseConnection.php(648): CodeIgniter\Database\BaseConnection->simpleQuery('UPDATE `beli` S...')
#3 C:\xampp\htdocs\ecommerce\system\Database\BaseBuilder.php(2516): CodeIgniter\Database\BaseConnection->query('UPDATE `beli` S...', Array, false)
#4 C:\xampp\htdocs\ecommerce\app\Models\keranjang.php(43): CodeIgniter\Database\BaseBuilder->update(Array)
#5 C:\xampp\htdocs\ecommerce\app\Controllers\Coba.php(104): App\Models\keranjang->editK(Array, 'P7')
#6 C:\xampp\htdocs\ecommerce\system\CodeIgniter.php(933): App\Controllers\Coba->update()
#7 C:\xampp\htdocs\ecommerce\system\CodeIgniter.php(509): CodeIgniter\CodeIgniter->runController(Object(App\Controllers\Coba))
#8 C:\xampp\htdocs\ecommerce\system\CodeIgniter.php(355): CodeIgniter\CodeIgniter->handleRequest(NULL, Object(Config\Cache), false)
#9 C:\xampp\htdocs\ecommerce\system\Boot.php(325): CodeIgniter\CodeIgniter->run()
#10 C:\xampp\htdocs\ecommerce\system\Boot.php(67): CodeIgniter\Boot::runCodeIgniter(Object(CodeIgniter\CodeIgniter))
#11 C:\xampp\htdocs\ecommerce\public\index.php(56): CodeIgniter\Boot::bootWeb(Object(Config\Paths))
#12 C:\xampp\htdocs\ecommerce\system\rewrite.php(44): require_once('C:\\xampp\\htdocs...')
#13 {main}
CRITICAL - 2024-10-15 08:43:04 --> CodeIgniter\Database\Exceptions\DatabaseException: Duplicate entry '0' for key 'PRIMARY'
[Method: POST, Route: keranjang/update]
in SYSTEMPATH\Database\BaseConnection.php on line 688.
 1 SYSTEMPATH\Database\BaseBuilder.php(2516): CodeIgniter\Database\BaseConnection->query('UPDATE `beli` SET `id` = :id:, `harga` = :harga:, `jumlah` = :jumlah:, `total` = :total:', [...], false)
 2 APPPATH\Models\keranjang.php(43): CodeIgniter\Database\BaseBuilder->update([...])
 3 APPPATH\Controllers\Coba.php(104): App\Models\keranjang->editK([...], 'P7')
 4 SYSTEMPATH\CodeIgniter.php(933): App\Controllers\Coba->update()
 5 SYSTEMPATH\CodeIgniter.php(509): CodeIgniter\CodeIgniter->runController(Object(App\Controllers\Coba))
 6 SYSTEMPATH\CodeIgniter.php(355): CodeIgniter\CodeIgniter->handleRequest(null, Object(Config\Cache), false)
 7 SYSTEMPATH\Boot.php(325): CodeIgniter\CodeIgniter->run()
 8 SYSTEMPATH\Boot.php(67): CodeIgniter\Boot::runCodeIgniter(Object(CodeIgniter\CodeIgniter))
 9 FCPATH\index.php(56): CodeIgniter\Boot::bootWeb(Object(Config\Paths))
10 SYSTEMPATH\rewrite.php(44): require_once('C:\\xampp\\htdocs\\ecommerce\\public\\index.php')
CRITICAL - 2024-10-15 08:43:04 --> [Caused by] CodeIgniter\Database\Exceptions\DatabaseException: Duplicate entry '0' for key 'PRIMARY'
in SYSTEMPATH\Database\MySQLi\Connection.php on line 317.
 1 SYSTEMPATH\Database\BaseConnection.php(734): CodeIgniter\Database\MySQLi\Connection->execute('UPDATE `beli` SET `id` = \'P7\', `harga` = \'650000\', `jumlah` = \'8\', `total` = 5200000')
 2 SYSTEMPATH\Database\BaseConnection.php(648): CodeIgniter\Database\BaseConnection->simpleQuery('UPDATE `beli` SET `id` = \'P7\', `harga` = \'650000\', `jumlah` = \'8\', `total` = 5200000')
 3 SYSTEMPATH\Database\BaseBuilder.php(2516): CodeIgniter\Database\BaseConnection->query('UPDATE `beli` SET `id` = :id:, `harga` = :harga:, `jumlah` = :jumlah:, `total` = :total:', [...], false)
 4 APPPATH\Models\keranjang.php(43): CodeIgniter\Database\BaseBuilder->update([...])
 5 APPPATH\Controllers\Coba.php(104): App\Models\keranjang->editK([...], 'P7')
 6 SYSTEMPATH\CodeIgniter.php(933): App\Controllers\Coba->update()
 7 SYSTEMPATH\CodeIgniter.php(509): CodeIgniter\CodeIgniter->runController(Object(App\Controllers\Coba))
 8 SYSTEMPATH\CodeIgniter.php(355): CodeIgniter\CodeIgniter->handleRequest(null, Object(Config\Cache), false)
 9 SYSTEMPATH\Boot.php(325): CodeIgniter\CodeIgniter->run()
10 SYSTEMPATH\Boot.php(67): CodeIgniter\Boot::runCodeIgniter(Object(CodeIgniter\CodeIgniter))
11 FCPATH\index.php(56): CodeIgniter\Boot::bootWeb(Object(Config\Paths))
12 SYSTEMPATH\rewrite.php(44): require_once('C:\\xampp\\htdocs\\ecommerce\\public\\index.php')
CRITICAL - 2024-10-15 08:43:04 --> [Caused by] mysqli_sql_exception: Duplicate entry '0' for key 'PRIMARY'
in SYSTEMPATH\Database\MySQLi\Connection.php on line 312.
 1 SYSTEMPATH\Database\MySQLi\Connection.php(312): mysqli->query('UPDATE `beli` SET `id` = \'P7\', `harga` = \'650000\', `jumlah` = \'8\', `total` = 5200000', 0)
 2 SYSTEMPATH\Database\BaseConnection.php(734): CodeIgniter\Database\MySQLi\Connection->execute('UPDATE `beli` SET `id` = \'P7\', `harga` = \'650000\', `jumlah` = \'8\', `total` = 5200000')
 3 SYSTEMPATH\Database\BaseConnection.php(648): CodeIgniter\Database\BaseConnection->simpleQuery('UPDATE `beli` SET `id` = \'P7\', `harga` = \'650000\', `jumlah` = \'8\', `total` = 5200000')
 4 SYSTEMPATH\Database\BaseBuilder.php(2516): CodeIgniter\Database\BaseConnection->query('UPDATE `beli` SET `id` = :id:, `harga` = :harga:, `jumlah` = :jumlah:, `total` = :total:', [...], false)
 5 APPPATH\Models\keranjang.php(43): CodeIgniter\Database\BaseBuilder->update([...])
 6 APPPATH\Controllers\Coba.php(104): App\Models\keranjang->editK([...], 'P7')
 7 SYSTEMPATH\CodeIgniter.php(933): App\Controllers\Coba->update()
 8 SYSTEMPATH\CodeIgniter.php(509): CodeIgniter\CodeIgniter->runController(Object(App\Controllers\Coba))
 9 SYSTEMPATH\CodeIgniter.php(355): CodeIgniter\CodeIgniter->handleRequest(null, Object(Config\Cache), false)
10 SYSTEMPATH\Boot.php(325): CodeIgniter\CodeIgniter->run()
11 SYSTEMPATH\Boot.php(67): CodeIgniter\Boot::runCodeIgniter(Object(CodeIgniter\CodeIgniter))
12 FCPATH\index.php(56): CodeIgniter\Boot::bootWeb(Object(Config\Paths))
13 SYSTEMPATH\rewrite.php(44): require_once('C:\\xampp\\htdocs\\ecommerce\\public\\index.php')
