ERROR - 2024-10-14 02:04:55 --> Error connecting to the database: mysqli_sql_exception: No connection could be made because the target machine actively refused it in C:\xampp\htdocs\ecommerce\system\Database\MySQLi\Connection.php:186
Stack trace:
#0 C:\xampp\htdocs\ecommerce\system\Database\MySQLi\Connection.php(186): mysqli->real_connect('localhost', 'root', Object(SensitiveParameterValue), 'toko', 3306, '', 0)
#1 C:\xampp\htdocs\ecommerce\system\Database\BaseConnection.php(421): CodeIgniter\Database\MySQLi\Connection->connect(false)
#2 C:\xampp\htdocs\ecommerce\system\Database\BaseConnection.php(616): CodeIgniter\Database\BaseConnection->initialize()
#3 C:\xampp\htdocs\ecommerce\system\Database\BaseBuilder.php(1644): CodeIgniter\Database\BaseConnection->query('SELECT SUM(`tot...', Array, false)
#4 C:\xampp\htdocs\ecommerce\system\Model.php(330): CodeIgniter\Database\BaseBuilder->get()
#5 C:\xampp\htdocs\ecommerce\system\BaseModel.php(714): CodeIgniter\Model->doFirst()
#6 C:\xampp\htdocs\ecommerce\app\Models\keranjang.php(25): CodeIgniter\BaseModel->first()
#7 C:\xampp\htdocs\ecommerce\app\Controllers\Coba.php(16): App\Models\keranjang->getTotal()
#8 C:\xampp\htdocs\ecommerce\system\CodeIgniter.php(933): App\Controllers\Coba->index()
#9 C:\xampp\htdocs\ecommerce\system\CodeIgniter.php(509): CodeIgniter\CodeIgniter->runController(Object(App\Controllers\Coba))
#10 C:\xampp\htdocs\ecommerce\system\CodeIgniter.php(355): CodeIgniter\CodeIgniter->handleRequest(NULL, Object(Config\Cache), false)
#11 C:\xampp\htdocs\ecommerce\system\Boot.php(325): CodeIgniter\CodeIgniter->run()
#12 C:\xampp\htdocs\ecommerce\system\Boot.php(67): CodeIgniter\Boot::runCodeIgniter(Object(CodeIgniter\CodeIgniter))
#13 C:\xampp\htdocs\ecommerce\public\index.php(56): CodeIgniter\Boot::bootWeb(Object(Config\Paths))
#14 C:\xampp\htdocs\ecommerce\system\rewrite.php(44): require_once('C:\\xampp\\htdocs...')
#15 {main}

Next CodeIgniter\Database\Exceptions\DatabaseException: No connection could be made because the target machine actively refused it in C:\xampp\htdocs\ecommerce\system\Database\MySQLi\Connection.php:231
Stack trace:
#0 C:\xampp\htdocs\ecommerce\system\Database\BaseConnection.php(421): CodeIgniter\Database\MySQLi\Connection->connect(false)
#1 C:\xampp\htdocs\ecommerce\system\Database\BaseConnection.php(616): CodeIgniter\Database\BaseConnection->initialize()
#2 C:\xampp\htdocs\ecommerce\system\Database\BaseBuilder.php(1644): CodeIgniter\Database\BaseConnection->query('SELECT SUM(`tot...', Array, false)
#3 C:\xampp\htdocs\ecommerce\system\Model.php(330): CodeIgniter\Database\BaseBuilder->get()
#4 C:\xampp\htdocs\ecommerce\system\BaseModel.php(714): CodeIgniter\Model->doFirst()
#5 C:\xampp\htdocs\ecommerce\app\Models\keranjang.php(25): CodeIgniter\BaseModel->first()
#6 C:\xampp\htdocs\ecommerce\app\Controllers\Coba.php(16): App\Models\keranjang->getTotal()
#7 C:\xampp\htdocs\ecommerce\system\CodeIgniter.php(933): App\Controllers\Coba->index()
#8 C:\xampp\htdocs\ecommerce\system\CodeIgniter.php(509): CodeIgniter\CodeIgniter->runController(Object(App\Controllers\Coba))
#9 C:\xampp\htdocs\ecommerce\system\CodeIgniter.php(355): CodeIgniter\CodeIgniter->handleRequest(NULL, Object(Config\Cache), false)
#10 C:\xampp\htdocs\ecommerce\system\Boot.php(325): CodeIgniter\CodeIgniter->run()
#11 C:\xampp\htdocs\ecommerce\system\Boot.php(67): CodeIgniter\Boot::runCodeIgniter(Object(CodeIgniter\CodeIgniter))
#12 C:\xampp\htdocs\ecommerce\public\index.php(56): CodeIgniter\Boot::bootWeb(Object(Config\Paths))
#13 C:\xampp\htdocs\ecommerce\system\rewrite.php(44): require_once('C:\\xampp\\htdocs...')
#14 {main}
CRITICAL - 2024-10-14 02:04:55 --> CodeIgniter\Database\Exceptions\DatabaseException: Unable to connect to the database.
Main connection [MySQLi]: No connection could be made because the target machine actively refused it
[Method: GET, Route: /]
in SYSTEMPATH\Database\BaseConnection.php on line 467.
 1 SYSTEMPATH\Database\BaseConnection.php(616): CodeIgniter\Database\BaseConnection->initialize()
 2 SYSTEMPATH\Database\BaseBuilder.php(1644): CodeIgniter\Database\BaseConnection->query('SELECT SUM(`total`) AS `total`
FROM `beli`
 LIMIT 1', [], false)
 3 SYSTEMPATH\Model.php(330): CodeIgniter\Database\BaseBuilder->get()
 4 SYSTEMPATH\BaseModel.php(714): CodeIgniter\Model->doFirst()
 5 APPPATH\Models\keranjang.php(25): CodeIgniter\BaseModel->first()
 6 APPPATH\Controllers\Coba.php(16): App\Models\keranjang->getTotal()
 7 SYSTEMPATH\CodeIgniter.php(933): App\Controllers\Coba->index()
 8 SYSTEMPATH\CodeIgniter.php(509): CodeIgniter\CodeIgniter->runController(Object(App\Controllers\Coba))
 9 SYSTEMPATH\CodeIgniter.php(355): CodeIgniter\CodeIgniter->handleRequest(null, Object(Config\Cache), false)
10 SYSTEMPATH\Boot.php(325): CodeIgniter\CodeIgniter->run()
11 SYSTEMPATH\Boot.php(67): CodeIgniter\Boot::runCodeIgniter(Object(CodeIgniter\CodeIgniter))
12 FCPATH\index.php(56): CodeIgniter\Boot::bootWeb(Object(Config\Paths))
13 SYSTEMPATH\rewrite.php(44): require_once('C:\\xampp\\htdocs\\ecommerce\\public\\index.php')
ERROR - 2024-10-14 02:04:59 --> Error connecting to the database: mysqli_sql_exception: No connection could be made because the target machine actively refused it in C:\xampp\htdocs\ecommerce\system\Database\MySQLi\Connection.php:186
Stack trace:
#0 C:\xampp\htdocs\ecommerce\system\Database\MySQLi\Connection.php(186): mysqli->real_connect('localhost', 'root', Object(SensitiveParameterValue), 'toko', 3306, '', 0)
#1 C:\xampp\htdocs\ecommerce\system\Database\BaseConnection.php(421): CodeIgniter\Database\MySQLi\Connection->connect(false)
#2 C:\xampp\htdocs\ecommerce\system\Database\BaseConnection.php(616): CodeIgniter\Database\BaseConnection->initialize()
#3 C:\xampp\htdocs\ecommerce\system\Database\BaseBuilder.php(1644): CodeIgniter\Database\BaseConnection->query('SELECT SUM(`tot...', Array, false)
#4 C:\xampp\htdocs\ecommerce\system\Model.php(330): CodeIgniter\Database\BaseBuilder->get()
#5 C:\xampp\htdocs\ecommerce\system\BaseModel.php(714): CodeIgniter\Model->doFirst()
#6 C:\xampp\htdocs\ecommerce\app\Models\keranjang.php(25): CodeIgniter\BaseModel->first()
#7 C:\xampp\htdocs\ecommerce\app\Controllers\Coba.php(16): App\Models\keranjang->getTotal()
#8 C:\xampp\htdocs\ecommerce\system\CodeIgniter.php(933): App\Controllers\Coba->index()
#9 C:\xampp\htdocs\ecommerce\system\CodeIgniter.php(509): CodeIgniter\CodeIgniter->runController(Object(App\Controllers\Coba))
#10 C:\xampp\htdocs\ecommerce\system\CodeIgniter.php(355): CodeIgniter\CodeIgniter->handleRequest(NULL, Object(Config\Cache), false)
#11 C:\xampp\htdocs\ecommerce\system\Boot.php(325): CodeIgniter\CodeIgniter->run()
#12 C:\xampp\htdocs\ecommerce\system\Boot.php(67): CodeIgniter\Boot::runCodeIgniter(Object(CodeIgniter\CodeIgniter))
#13 C:\xampp\htdocs\ecommerce\public\index.php(56): CodeIgniter\Boot::bootWeb(Object(Config\Paths))
#14 C:\xampp\htdocs\ecommerce\system\rewrite.php(44): require_once('C:\\xampp\\htdocs...')
#15 {main}

Next CodeIgniter\Database\Exceptions\DatabaseException: No connection could be made because the target machine actively refused it in C:\xampp\htdocs\ecommerce\system\Database\MySQLi\Connection.php:231
Stack trace:
#0 C:\xampp\htdocs\ecommerce\system\Database\BaseConnection.php(421): CodeIgniter\Database\MySQLi\Connection->connect(false)
#1 C:\xampp\htdocs\ecommerce\system\Database\BaseConnection.php(616): CodeIgniter\Database\BaseConnection->initialize()
#2 C:\xampp\htdocs\ecommerce\system\Database\BaseBuilder.php(1644): CodeIgniter\Database\BaseConnection->query('SELECT SUM(`tot...', Array, false)
#3 C:\xampp\htdocs\ecommerce\system\Model.php(330): CodeIgniter\Database\BaseBuilder->get()
#4 C:\xampp\htdocs\ecommerce\system\BaseModel.php(714): CodeIgniter\Model->doFirst()
#5 C:\xampp\htdocs\ecommerce\app\Models\keranjang.php(25): CodeIgniter\BaseModel->first()
#6 C:\xampp\htdocs\ecommerce\app\Controllers\Coba.php(16): App\Models\keranjang->getTotal()
#7 C:\xampp\htdocs\ecommerce\system\CodeIgniter.php(933): App\Controllers\Coba->index()
#8 C:\xampp\htdocs\ecommerce\system\CodeIgniter.php(509): CodeIgniter\CodeIgniter->runController(Object(App\Controllers\Coba))
#9 C:\xampp\htdocs\ecommerce\system\CodeIgniter.php(355): CodeIgniter\CodeIgniter->handleRequest(NULL, Object(Config\Cache), false)
#10 C:\xampp\htdocs\ecommerce\system\Boot.php(325): CodeIgniter\CodeIgniter->run()
#11 C:\xampp\htdocs\ecommerce\system\Boot.php(67): CodeIgniter\Boot::runCodeIgniter(Object(CodeIgniter\CodeIgniter))
#12 C:\xampp\htdocs\ecommerce\public\index.php(56): CodeIgniter\Boot::bootWeb(Object(Config\Paths))
#13 C:\xampp\htdocs\ecommerce\system\rewrite.php(44): require_once('C:\\xampp\\htdocs...')
#14 {main}
CRITICAL - 2024-10-14 02:04:59 --> CodeIgniter\Database\Exceptions\DatabaseException: Unable to connect to the database.
Main connection [MySQLi]: No connection could be made because the target machine actively refused it
[Method: GET, Route: /]
in SYSTEMPATH\Database\BaseConnection.php on line 467.
 1 SYSTEMPATH\Database\BaseConnection.php(616): CodeIgniter\Database\BaseConnection->initialize()
 2 SYSTEMPATH\Database\BaseBuilder.php(1644): CodeIgniter\Database\BaseConnection->query('SELECT SUM(`total`) AS `total`
FROM `beli`
 LIMIT 1', [], false)
 3 SYSTEMPATH\Model.php(330): CodeIgniter\Database\BaseBuilder->get()
 4 SYSTEMPATH\BaseModel.php(714): CodeIgniter\Model->doFirst()
 5 APPPATH\Models\keranjang.php(25): CodeIgniter\BaseModel->first()
 6 APPPATH\Controllers\Coba.php(16): App\Models\keranjang->getTotal()
 7 SYSTEMPATH\CodeIgniter.php(933): App\Controllers\Coba->index()
 8 SYSTEMPATH\CodeIgniter.php(509): CodeIgniter\CodeIgniter->runController(Object(App\Controllers\Coba))
 9 SYSTEMPATH\CodeIgniter.php(355): CodeIgniter\CodeIgniter->handleRequest(null, Object(Config\Cache), false)
10 SYSTEMPATH\Boot.php(325): CodeIgniter\CodeIgniter->run()
11 SYSTEMPATH\Boot.php(67): CodeIgniter\Boot::runCodeIgniter(Object(CodeIgniter\CodeIgniter))
12 FCPATH\index.php(56): CodeIgniter\Boot::bootWeb(Object(Config\Paths))
13 SYSTEMPATH\rewrite.php(44): require_once('C:\\xampp\\htdocs\\ecommerce\\public\\index.php')
WARNING - 2024-10-14 02:05:22 --> [DEPRECATED] number_format(): Passing null to parameter #1 ($num) of type float is deprecated in APPPATH\Views\index.php on line 282.
 1 APPPATH\Views\index.php(282): number_format(null, 0, ',', '.')
 2 SYSTEMPATH\View\View.php(234): include('C:\\xampp\\htdocs\\ecommerce\\app\\Views\\index.php')
 3 SYSTEMPATH\View\View.php(237): CodeIgniter\View\View->CodeIgniter\View\{closure}()
 4 SYSTEMPATH\Common.php(1171): CodeIgniter\View\View->render('index', [], true)
 5 APPPATH\Controllers\Coba.php(23): view('index', [...])
 6 SYSTEMPATH\CodeIgniter.php(933): App\Controllers\Coba->index()
 7 SYSTEMPATH\CodeIgniter.php(509): CodeIgniter\CodeIgniter->runController(Object(App\Controllers\Coba))
 8 SYSTEMPATH\CodeIgniter.php(355): CodeIgniter\CodeIgniter->handleRequest(null, Object(Config\Cache), false)
 9 SYSTEMPATH\Boot.php(325): CodeIgniter\CodeIgniter->run()
10 SYSTEMPATH\Boot.php(67): CodeIgniter\Boot::runCodeIgniter(Object(CodeIgniter\CodeIgniter))
11 FCPATH\index.php(56): CodeIgniter\Boot::bootWeb(Object(Config\Paths))
12 SYSTEMPATH\rewrite.php(44): require_once('C:\\xampp\\htdocs\\ecommerce\\public\\index.php')
CRITICAL - 2024-10-14 02:11:35 --> ErrorException: Undefined array key "totsl"
[Method: GET, Route: fitur]
in APPPATH\Views\fitur.php on line 315.
 1 APPPATH\Views\fitur.php(315): CodeIgniter\Debug\Exceptions->errorHandler(2, 'Undefined array key "totsl"', 'C:\\xampp\\htdocs\\ecommerce\\app\\Views\\fitur.php', 315)
 2 SYSTEMPATH\View\View.php(234): include('C:\\xampp\\htdocs\\ecommerce\\app\\Views\\fitur.php')
 3 SYSTEMPATH\View\View.php(237): CodeIgniter\View\View->CodeIgniter\View\{closure}()
 4 SYSTEMPATH\Common.php(1171): CodeIgniter\View\View->render('fitur', [], true)
 5 APPPATH\Controllers\Coba.php(51): view('fitur', [...])
 6 SYSTEMPATH\CodeIgniter.php(933): App\Controllers\Coba->fitur()
 7 SYSTEMPATH\CodeIgniter.php(509): CodeIgniter\CodeIgniter->runController(Object(App\Controllers\Coba))
 8 SYSTEMPATH\CodeIgniter.php(355): CodeIgniter\CodeIgniter->handleRequest(null, Object(Config\Cache), false)
 9 SYSTEMPATH\Boot.php(325): CodeIgniter\CodeIgniter->run()
10 SYSTEMPATH\Boot.php(67): CodeIgniter\Boot::runCodeIgniter(Object(CodeIgniter\CodeIgniter))
11 FCPATH\index.php(56): CodeIgniter\Boot::bootWeb(Object(Config\Paths))
12 SYSTEMPATH\rewrite.php(44): require_once('C:\\xampp\\htdocs\\ecommerce\\public\\index.php')
ERROR - 2024-10-14 02:12:27 --> mysqli_sql_exception: Column 'kategori' cannot be null in C:\xampp\htdocs\ecommerce\system\Database\MySQLi\Connection.php:312
Stack trace:
#0 C:\xampp\htdocs\ecommerce\system\Database\MySQLi\Connection.php(312): mysqli->query('INSERT INTO `be...', 0)
#1 C:\xampp\htdocs\ecommerce\system\Database\BaseConnection.php(734): CodeIgniter\Database\MySQLi\Connection->execute('INSERT INTO `be...')
#2 C:\xampp\htdocs\ecommerce\system\Database\BaseConnection.php(648): CodeIgniter\Database\BaseConnection->simpleQuery('INSERT INTO `be...')
#3 C:\xampp\htdocs\ecommerce\system\Database\BaseBuilder.php(2340): CodeIgniter\Database\BaseConnection->query('INSERT INTO `be...', Array, false)
#4 C:\xampp\htdocs\ecommerce\app\Models\keranjang.php(31): CodeIgniter\Database\BaseBuilder->insert(Array)
#5 C:\xampp\htdocs\ecommerce\app\Controllers\Coba.php(179): App\Models\keranjang->savebeli(Array)
#6 C:\xampp\htdocs\ecommerce\system\CodeIgniter.php(933): App\Controllers\Coba->add()
#7 C:\xampp\htdocs\ecommerce\system\CodeIgniter.php(509): CodeIgniter\CodeIgniter->runController(Object(App\Controllers\Coba))
#8 C:\xampp\htdocs\ecommerce\system\CodeIgniter.php(355): CodeIgniter\CodeIgniter->handleRequest(NULL, Object(Config\Cache), false)
#9 C:\xampp\htdocs\ecommerce\system\Boot.php(325): CodeIgniter\CodeIgniter->run()
#10 C:\xampp\htdocs\ecommerce\system\Boot.php(67): CodeIgniter\Boot::runCodeIgniter(Object(CodeIgniter\CodeIgniter))
#11 C:\xampp\htdocs\ecommerce\public\index.php(56): CodeIgniter\Boot::bootWeb(Object(Config\Paths))
#12 C:\xampp\htdocs\ecommerce\system\rewrite.php(44): require_once('C:\\xampp\\htdocs...')
#13 {main}
CRITICAL - 2024-10-14 02:12:27 --> CodeIgniter\Database\Exceptions\DatabaseException: Column 'kategori' cannot be null
[Method: POST, Route: keranjang/add]
in SYSTEMPATH\Database\BaseConnection.php on line 688.
 1 SYSTEMPATH\Database\BaseBuilder.php(2340): CodeIgniter\Database\BaseConnection->query('INSERT INTO `beli` (`user`, `produk`, `ukuran`, `warna`, `images`, `idprod`, `harga`, `jumlah`, `kategori`, `total`) VALUES (:user:, :produk:, :ukuran:, :warna:, :images:, :idprod:, :harga:, :jumlah:, :kategori:, :total:)', [...], false)
 2 APPPATH\Models\keranjang.php(31): CodeIgniter\Database\BaseBuilder->insert([...])
 3 APPPATH\Controllers\Coba.php(179): App\Models\keranjang->savebeli([...])
 4 SYSTEMPATH\CodeIgniter.php(933): App\Controllers\Coba->add()
 5 SYSTEMPATH\CodeIgniter.php(509): CodeIgniter\CodeIgniter->runController(Object(App\Controllers\Coba))
 6 SYSTEMPATH\CodeIgniter.php(355): CodeIgniter\CodeIgniter->handleRequest(null, Object(Config\Cache), false)
 7 SYSTEMPATH\Boot.php(325): CodeIgniter\CodeIgniter->run()
 8 SYSTEMPATH\Boot.php(67): CodeIgniter\Boot::runCodeIgniter(Object(CodeIgniter\CodeIgniter))
 9 FCPATH\index.php(56): CodeIgniter\Boot::bootWeb(Object(Config\Paths))
10 SYSTEMPATH\rewrite.php(44): require_once('C:\\xampp\\htdocs\\ecommerce\\public\\index.php')
CRITICAL - 2024-10-14 02:12:27 --> [Caused by] CodeIgniter\Database\Exceptions\DatabaseException: Column 'kategori' cannot be null
in SYSTEMPATH\Database\MySQLi\Connection.php on line 317.
 1 SYSTEMPATH\Database\BaseConnection.php(734): CodeIgniter\Database\MySQLi\Connection->execute('INSERT INTO `beli` (`user`, `produk`, `ukuran`, `warna`, `images`, `idprod`, `harga`, `jumlah`, `kategori`, `total`) VALUES (\'1\', \'Herschel supply\', \'L\', \'Hitam\', \'product-02.jpg\', \'P2\', \'300000\', \'7\', NULL, 2100000)')
 2 SYSTEMPATH\Database\BaseConnection.php(648): CodeIgniter\Database\BaseConnection->simpleQuery('INSERT INTO `beli` (`user`, `produk`, `ukuran`, `warna`, `images`, `idprod`, `harga`, `jumlah`, `kategori`, `total`) VALUES (\'1\', \'Herschel supply\', \'L\', \'Hitam\', \'product-02.jpg\', \'P2\', \'300000\', \'7\', NULL, 2100000)')
 3 SYSTEMPATH\Database\BaseBuilder.php(2340): CodeIgniter\Database\BaseConnection->query('INSERT INTO `beli` (`user`, `produk`, `ukuran`, `warna`, `images`, `idprod`, `harga`, `jumlah`, `kategori`, `total`) VALUES (:user:, :produk:, :ukuran:, :warna:, :images:, :idprod:, :harga:, :jumlah:, :kategori:, :total:)', [...], false)
 4 APPPATH\Models\keranjang.php(31): CodeIgniter\Database\BaseBuilder->insert([...])
 5 APPPATH\Controllers\Coba.php(179): App\Models\keranjang->savebeli([...])
 6 SYSTEMPATH\CodeIgniter.php(933): App\Controllers\Coba->add()
 7 SYSTEMPATH\CodeIgniter.php(509): CodeIgniter\CodeIgniter->runController(Object(App\Controllers\Coba))
 8 SYSTEMPATH\CodeIgniter.php(355): CodeIgniter\CodeIgniter->handleRequest(null, Object(Config\Cache), false)
 9 SYSTEMPATH\Boot.php(325): CodeIgniter\CodeIgniter->run()
10 SYSTEMPATH\Boot.php(67): CodeIgniter\Boot::runCodeIgniter(Object(CodeIgniter\CodeIgniter))
11 FCPATH\index.php(56): CodeIgniter\Boot::bootWeb(Object(Config\Paths))
12 SYSTEMPATH\rewrite.php(44): require_once('C:\\xampp\\htdocs\\ecommerce\\public\\index.php')
CRITICAL - 2024-10-14 02:12:27 --> [Caused by] mysqli_sql_exception: Column 'kategori' cannot be null
in SYSTEMPATH\Database\MySQLi\Connection.php on line 312.
 1 SYSTEMPATH\Database\MySQLi\Connection.php(312): mysqli->query('INSERT INTO `beli` (`user`, `produk`, `ukuran`, `warna`, `images`, `idprod`, `harga`, `jumlah`, `kategori`, `total`) VALUES (\'1\', \'Herschel supply\', \'L\', \'Hitam\', \'product-02.jpg\', \'P2\', \'300000\', \'7\', NULL, 2100000)', 0)
 2 SYSTEMPATH\Database\BaseConnection.php(734): CodeIgniter\Database\MySQLi\Connection->execute('INSERT INTO `beli` (`user`, `produk`, `ukuran`, `warna`, `images`, `idprod`, `harga`, `jumlah`, `kategori`, `total`) VALUES (\'1\', \'Herschel supply\', \'L\', \'Hitam\', \'product-02.jpg\', \'P2\', \'300000\', \'7\', NULL, 2100000)')
 3 SYSTEMPATH\Database\BaseConnection.php(648): CodeIgniter\Database\BaseConnection->simpleQuery('INSERT INTO `beli` (`user`, `produk`, `ukuran`, `warna`, `images`, `idprod`, `harga`, `jumlah`, `kategori`, `total`) VALUES (\'1\', \'Herschel supply\', \'L\', \'Hitam\', \'product-02.jpg\', \'P2\', \'300000\', \'7\', NULL, 2100000)')
 4 SYSTEMPATH\Database\BaseBuilder.php(2340): CodeIgniter\Database\BaseConnection->query('INSERT INTO `beli` (`user`, `produk`, `ukuran`, `warna`, `images`, `idprod`, `harga`, `jumlah`, `kategori`, `total`) VALUES (:user:, :produk:, :ukuran:, :warna:, :images:, :idprod:, :harga:, :jumlah:, :kategori:, :total:)', [...], false)
 5 APPPATH\Models\keranjang.php(31): CodeIgniter\Database\BaseBuilder->insert([...])
 6 APPPATH\Controllers\Coba.php(179): App\Models\keranjang->savebeli([...])
 7 SYSTEMPATH\CodeIgniter.php(933): App\Controllers\Coba->add()
 8 SYSTEMPATH\CodeIgniter.php(509): CodeIgniter\CodeIgniter->runController(Object(App\Controllers\Coba))
 9 SYSTEMPATH\CodeIgniter.php(355): CodeIgniter\CodeIgniter->handleRequest(null, Object(Config\Cache), false)
10 SYSTEMPATH\Boot.php(325): CodeIgniter\CodeIgniter->run()
11 SYSTEMPATH\Boot.php(67): CodeIgniter\Boot::runCodeIgniter(Object(CodeIgniter\CodeIgniter))
12 FCPATH\index.php(56): CodeIgniter\Boot::bootWeb(Object(Config\Paths))
13 SYSTEMPATH\rewrite.php(44): require_once('C:\\xampp\\htdocs\\ecommerce\\public\\index.php')
WARNING - 2024-10-14 02:29:32 --> [DEPRECATED] number_format(): Passing null to parameter #1 ($num) of type float is deprecated in APPPATH\Views\fitur.php on line 357.
 1 APPPATH\Views\fitur.php(357): number_format(null, 0, ',', '.')
 2 SYSTEMPATH\View\View.php(234): include('C:\\xampp\\htdocs\\ecommerce\\app\\Views\\fitur.php')
 3 SYSTEMPATH\View\View.php(237): CodeIgniter\View\View->CodeIgniter\View\{closure}()
 4 SYSTEMPATH\Common.php(1171): CodeIgniter\View\View->render('fitur', [], true)
 5 APPPATH\Controllers\Coba.php(51): view('fitur', [...])
 6 SYSTEMPATH\CodeIgniter.php(933): App\Controllers\Coba->fitur()
 7 SYSTEMPATH\CodeIgniter.php(509): CodeIgniter\CodeIgniter->runController(Object(App\Controllers\Coba))
 8 SYSTEMPATH\CodeIgniter.php(355): CodeIgniter\CodeIgniter->handleRequest(null, Object(Config\Cache), false)
 9 SYSTEMPATH\Boot.php(325): CodeIgniter\CodeIgniter->run()
10 SYSTEMPATH\Boot.php(67): CodeIgniter\Boot::runCodeIgniter(Object(CodeIgniter\CodeIgniter))
11 FCPATH\index.php(56): CodeIgniter\Boot::bootWeb(Object(Config\Paths))
12 SYSTEMPATH\rewrite.php(44): require_once('C:\\xampp\\htdocs\\ecommerce\\public\\index.php')
WARNING - 2024-10-14 02:29:36 --> [DEPRECATED] number_format(): Passing null to parameter #1 ($num) of type float is deprecated in APPPATH\Views\produk.php on line 282.
 1 APPPATH\Views\produk.php(282): number_format(null, 0, ',', '.')
 2 SYSTEMPATH\View\View.php(234): include('C:\\xampp\\htdocs\\ecommerce\\app\\Views\\produk.php')
 3 SYSTEMPATH\View\View.php(237): CodeIgniter\View\View->CodeIgniter\View\{closure}()
 4 SYSTEMPATH\Common.php(1171): CodeIgniter\View\View->render('produk', [], true)
 5 APPPATH\Controllers\Coba.php(37): view('produk', [...])
 6 SYSTEMPATH\CodeIgniter.php(933): App\Controllers\Coba->produk()
 7 SYSTEMPATH\CodeIgniter.php(509): CodeIgniter\CodeIgniter->runController(Object(App\Controllers\Coba))
 8 SYSTEMPATH\CodeIgniter.php(355): CodeIgniter\CodeIgniter->handleRequest(null, Object(Config\Cache), false)
 9 SYSTEMPATH\Boot.php(325): CodeIgniter\CodeIgniter->run()
10 SYSTEMPATH\Boot.php(67): CodeIgniter\Boot::runCodeIgniter(Object(CodeIgniter\CodeIgniter))
11 FCPATH\index.php(56): CodeIgniter\Boot::bootWeb(Object(Config\Paths))
12 SYSTEMPATH\rewrite.php(44): require_once('C:\\xampp\\htdocs\\ecommerce\\public\\index.php')
ERROR - 2024-10-14 02:29:39 --> mysqli_sql_exception: Column 'kategori' cannot be null in C:\xampp\htdocs\ecommerce\system\Database\MySQLi\Connection.php:312
Stack trace:
#0 C:\xampp\htdocs\ecommerce\system\Database\MySQLi\Connection.php(312): mysqli->query('INSERT INTO `be...', 0)
#1 C:\xampp\htdocs\ecommerce\system\Database\BaseConnection.php(734): CodeIgniter\Database\MySQLi\Connection->execute('INSERT INTO `be...')
#2 C:\xampp\htdocs\ecommerce\system\Database\BaseConnection.php(648): CodeIgniter\Database\BaseConnection->simpleQuery('INSERT INTO `be...')
#3 C:\xampp\htdocs\ecommerce\system\Database\BaseBuilder.php(2340): CodeIgniter\Database\BaseConnection->query('INSERT INTO `be...', Array, false)
#4 C:\xampp\htdocs\ecommerce\app\Models\keranjang.php(31): CodeIgniter\Database\BaseBuilder->insert(Array)
#5 C:\xampp\htdocs\ecommerce\app\Controllers\Coba.php(154): App\Models\keranjang->savebeli(Array)
#6 C:\xampp\htdocs\ecommerce\system\CodeIgniter.php(933): App\Controllers\Coba->tambah()
#7 C:\xampp\htdocs\ecommerce\system\CodeIgniter.php(509): CodeIgniter\CodeIgniter->runController(Object(App\Controllers\Coba))
#8 C:\xampp\htdocs\ecommerce\system\CodeIgniter.php(355): CodeIgniter\CodeIgniter->handleRequest(NULL, Object(Config\Cache), false)
#9 C:\xampp\htdocs\ecommerce\system\Boot.php(325): CodeIgniter\CodeIgniter->run()
#10 C:\xampp\htdocs\ecommerce\system\Boot.php(67): CodeIgniter\Boot::runCodeIgniter(Object(CodeIgniter\CodeIgniter))
#11 C:\xampp\htdocs\ecommerce\public\index.php(56): CodeIgniter\Boot::bootWeb(Object(Config\Paths))
#12 C:\xampp\htdocs\ecommerce\system\rewrite.php(44): require_once('C:\\xampp\\htdocs...')
#13 {main}
CRITICAL - 2024-10-14 02:29:39 --> CodeIgniter\Database\Exceptions\DatabaseException: Column 'kategori' cannot be null
[Method: POST, Route: keranjang/tambah]
in SYSTEMPATH\Database\BaseConnection.php on line 688.
 1 SYSTEMPATH\Database\BaseBuilder.php(2340): CodeIgniter\Database\BaseConnection->query('INSERT INTO `beli` (`user`, `produk`, `ukuran`, `warna`, `images`, `idprod`, `harga`, `jumlah`, `kategori`, `total`) VALUES (:user:, :produk:, :ukuran:, :warna:, :images:, :idprod:, :harga:, :jumlah:, :kategori:, :total:)', [...], false)
 2 APPPATH\Models\keranjang.php(31): CodeIgniter\Database\BaseBuilder->insert([...])
 3 APPPATH\Controllers\Coba.php(154): App\Models\keranjang->savebeli([...])
 4 SYSTEMPATH\CodeIgniter.php(933): App\Controllers\Coba->tambah()
 5 SYSTEMPATH\CodeIgniter.php(509): CodeIgniter\CodeIgniter->runController(Object(App\Controllers\Coba))
 6 SYSTEMPATH\CodeIgniter.php(355): CodeIgniter\CodeIgniter->handleRequest(null, Object(Config\Cache), false)
 7 SYSTEMPATH\Boot.php(325): CodeIgniter\CodeIgniter->run()
 8 SYSTEMPATH\Boot.php(67): CodeIgniter\Boot::runCodeIgniter(Object(CodeIgniter\CodeIgniter))
 9 FCPATH\index.php(56): CodeIgniter\Boot::bootWeb(Object(Config\Paths))
10 SYSTEMPATH\rewrite.php(44): require_once('C:\\xampp\\htdocs\\ecommerce\\public\\index.php')
CRITICAL - 2024-10-14 02:29:39 --> [Caused by] CodeIgniter\Database\Exceptions\DatabaseException: Column 'kategori' cannot be null
in SYSTEMPATH\Database\MySQLi\Connection.php on line 317.
 1 SYSTEMPATH\Database\BaseConnection.php(734): CodeIgniter\Database\MySQLi\Connection->execute('INSERT INTO `beli` (`user`, `produk`, `ukuran`, `warna`, `images`, `idprod`, `harga`, `jumlah`, `kategori`, `total`) VALUES (\'1\', \'Herschel supply\', \'L\', \'Hitam\', \'product-02.jpg\', \'P2\', \'300000\', \'1\', NULL, 300000)')
 2 SYSTEMPATH\Database\BaseConnection.php(648): CodeIgniter\Database\BaseConnection->simpleQuery('INSERT INTO `beli` (`user`, `produk`, `ukuran`, `warna`, `images`, `idprod`, `harga`, `jumlah`, `kategori`, `total`) VALUES (\'1\', \'Herschel supply\', \'L\', \'Hitam\', \'product-02.jpg\', \'P2\', \'300000\', \'1\', NULL, 300000)')
 3 SYSTEMPATH\Database\BaseBuilder.php(2340): CodeIgniter\Database\BaseConnection->query('INSERT INTO `beli` (`user`, `produk`, `ukuran`, `warna`, `images`, `idprod`, `harga`, `jumlah`, `kategori`, `total`) VALUES (:user:, :produk:, :ukuran:, :warna:, :images:, :idprod:, :harga:, :jumlah:, :kategori:, :total:)', [...], false)
 4 APPPATH\Models\keranjang.php(31): CodeIgniter\Database\BaseBuilder->insert([...])
 5 APPPATH\Controllers\Coba.php(154): App\Models\keranjang->savebeli([...])
 6 SYSTEMPATH\CodeIgniter.php(933): App\Controllers\Coba->tambah()
 7 SYSTEMPATH\CodeIgniter.php(509): CodeIgniter\CodeIgniter->runController(Object(App\Controllers\Coba))
 8 SYSTEMPATH\CodeIgniter.php(355): CodeIgniter\CodeIgniter->handleRequest(null, Object(Config\Cache), false)
 9 SYSTEMPATH\Boot.php(325): CodeIgniter\CodeIgniter->run()
10 SYSTEMPATH\Boot.php(67): CodeIgniter\Boot::runCodeIgniter(Object(CodeIgniter\CodeIgniter))
11 FCPATH\index.php(56): CodeIgniter\Boot::bootWeb(Object(Config\Paths))
12 SYSTEMPATH\rewrite.php(44): require_once('C:\\xampp\\htdocs\\ecommerce\\public\\index.php')
CRITICAL - 2024-10-14 02:29:39 --> [Caused by] mysqli_sql_exception: Column 'kategori' cannot be null
in SYSTEMPATH\Database\MySQLi\Connection.php on line 312.
 1 SYSTEMPATH\Database\MySQLi\Connection.php(312): mysqli->query('INSERT INTO `beli` (`user`, `produk`, `ukuran`, `warna`, `images`, `idprod`, `harga`, `jumlah`, `kategori`, `total`) VALUES (\'1\', \'Herschel supply\', \'L\', \'Hitam\', \'product-02.jpg\', \'P2\', \'300000\', \'1\', NULL, 300000)', 0)
 2 SYSTEMPATH\Database\BaseConnection.php(734): CodeIgniter\Database\MySQLi\Connection->execute('INSERT INTO `beli` (`user`, `produk`, `ukuran`, `warna`, `images`, `idprod`, `harga`, `jumlah`, `kategori`, `total`) VALUES (\'1\', \'Herschel supply\', \'L\', \'Hitam\', \'product-02.jpg\', \'P2\', \'300000\', \'1\', NULL, 300000)')
 3 SYSTEMPATH\Database\BaseConnection.php(648): CodeIgniter\Database\BaseConnection->simpleQuery('INSERT INTO `beli` (`user`, `produk`, `ukuran`, `warna`, `images`, `idprod`, `harga`, `jumlah`, `kategori`, `total`) VALUES (\'1\', \'Herschel supply\', \'L\', \'Hitam\', \'product-02.jpg\', \'P2\', \'300000\', \'1\', NULL, 300000)')
 4 SYSTEMPATH\Database\BaseBuilder.php(2340): CodeIgniter\Database\BaseConnection->query('INSERT INTO `beli` (`user`, `produk`, `ukuran`, `warna`, `images`, `idprod`, `harga`, `jumlah`, `kategori`, `total`) VALUES (:user:, :produk:, :ukuran:, :warna:, :images:, :idprod:, :harga:, :jumlah:, :kategori:, :total:)', [...], false)
 5 APPPATH\Models\keranjang.php(31): CodeIgniter\Database\BaseBuilder->insert([...])
 6 APPPATH\Controllers\Coba.php(154): App\Models\keranjang->savebeli([...])
 7 SYSTEMPATH\CodeIgniter.php(933): App\Controllers\Coba->tambah()
 8 SYSTEMPATH\CodeIgniter.php(509): CodeIgniter\CodeIgniter->runController(Object(App\Controllers\Coba))
 9 SYSTEMPATH\CodeIgniter.php(355): CodeIgniter\CodeIgniter->handleRequest(null, Object(Config\Cache), false)
10 SYSTEMPATH\Boot.php(325): CodeIgniter\CodeIgniter->run()
11 SYSTEMPATH\Boot.php(67): CodeIgniter\Boot::runCodeIgniter(Object(CodeIgniter\CodeIgniter))
12 FCPATH\index.php(56): CodeIgniter\Boot::bootWeb(Object(Config\Paths))
13 SYSTEMPATH\rewrite.php(44): require_once('C:\\xampp\\htdocs\\ecommerce\\public\\index.php')
WARNING - 2024-10-14 02:30:08 --> [DEPRECATED] number_format(): Passing null to parameter #1 ($num) of type float is deprecated in APPPATH\Views\produk.php on line 282.
 1 APPPATH\Views\produk.php(282): number_format(null, 0, ',', '.')
 2 SYSTEMPATH\View\View.php(234): include('C:\\xampp\\htdocs\\ecommerce\\app\\Views\\produk.php')
 3 SYSTEMPATH\View\View.php(237): CodeIgniter\View\View->CodeIgniter\View\{closure}()
 4 SYSTEMPATH\Common.php(1171): CodeIgniter\View\View->render('produk', [], true)
 5 APPPATH\Controllers\Coba.php(37): view('produk', [...])
 6 SYSTEMPATH\CodeIgniter.php(933): App\Controllers\Coba->produk()
 7 SYSTEMPATH\CodeIgniter.php(509): CodeIgniter\CodeIgniter->runController(Object(App\Controllers\Coba))
 8 SYSTEMPATH\CodeIgniter.php(355): CodeIgniter\CodeIgniter->handleRequest(null, Object(Config\Cache), false)
 9 SYSTEMPATH\Boot.php(325): CodeIgniter\CodeIgniter->run()
10 SYSTEMPATH\Boot.php(67): CodeIgniter\Boot::runCodeIgniter(Object(CodeIgniter\CodeIgniter))
11 FCPATH\index.php(56): CodeIgniter\Boot::bootWeb(Object(Config\Paths))
12 SYSTEMPATH\rewrite.php(44): require_once('C:\\xampp\\htdocs\\ecommerce\\public\\index.php')
WARNING - 2024-10-14 02:30:12 --> [DEPRECATED] number_format(): Passing null to parameter #1 ($num) of type float is deprecated in APPPATH\Views\index.php on line 282.
 1 APPPATH\Views\index.php(282): number_format(null, 0, ',', '.')
 2 SYSTEMPATH\View\View.php(234): include('C:\\xampp\\htdocs\\ecommerce\\app\\Views\\index.php')
 3 SYSTEMPATH\View\View.php(237): CodeIgniter\View\View->CodeIgniter\View\{closure}()
 4 SYSTEMPATH\Common.php(1171): CodeIgniter\View\View->render('index', [], true)
 5 APPPATH\Controllers\Coba.php(23): view('index', [...])
 6 SYSTEMPATH\CodeIgniter.php(933): App\Controllers\Coba->index()
 7 SYSTEMPATH\CodeIgniter.php(509): CodeIgniter\CodeIgniter->runController(Object(App\Controllers\Coba))
 8 SYSTEMPATH\CodeIgniter.php(355): CodeIgniter\CodeIgniter->handleRequest(null, Object(Config\Cache), false)
 9 SYSTEMPATH\Boot.php(325): CodeIgniter\CodeIgniter->run()
10 SYSTEMPATH\Boot.php(67): CodeIgniter\Boot::runCodeIgniter(Object(CodeIgniter\CodeIgniter))
11 FCPATH\index.php(56): CodeIgniter\Boot::bootWeb(Object(Config\Paths))
12 SYSTEMPATH\rewrite.php(44): require_once('C:\\xampp\\htdocs\\ecommerce\\public\\index.php')
CRITICAL - 2024-10-14 03:20:38 --> ErrorException: Attempt to read property "result" on int
[Method: POST, Route: keranjang/update]
in APPPATH\Controllers\Coba.php on line 107.
 1 APPPATH\Controllers\Coba.php(107): CodeIgniter\Debug\Exceptions->errorHandler(2, 'Attempt to read property "result" on int', 'C:\\xampp\\htdocs\\ecommerce\\app\\Controllers\\Coba.php', 107)
 2 SYSTEMPATH\CodeIgniter.php(933): App\Controllers\Coba->update()
 3 SYSTEMPATH\CodeIgniter.php(509): CodeIgniter\CodeIgniter->runController(Object(App\Controllers\Coba))
 4 SYSTEMPATH\CodeIgniter.php(355): CodeIgniter\CodeIgniter->handleRequest(null, Object(Config\Cache), false)
 5 SYSTEMPATH\Boot.php(325): CodeIgniter\CodeIgniter->run()
 6 SYSTEMPATH\Boot.php(67): CodeIgniter\Boot::runCodeIgniter(Object(CodeIgniter\CodeIgniter))
 7 FCPATH\index.php(56): CodeIgniter\Boot::bootWeb(Object(Config\Paths))
 8 SYSTEMPATH\rewrite.php(44): require_once('C:\\xampp\\htdocs\\ecommerce\\public\\index.php')
CRITICAL - 2024-10-14 03:21:15 --> ErrorException: Attempt to read property "result" on int
[Method: POST, Route: keranjang/update]
in APPPATH\Controllers\Coba.php on line 107.
 1 APPPATH\Controllers\Coba.php(107): CodeIgniter\Debug\Exceptions->errorHandler(2, 'Attempt to read property "result" on int', 'C:\\xampp\\htdocs\\ecommerce\\app\\Controllers\\Coba.php', 107)
 2 SYSTEMPATH\CodeIgniter.php(933): App\Controllers\Coba->update()
 3 SYSTEMPATH\CodeIgniter.php(509): CodeIgniter\CodeIgniter->runController(Object(App\Controllers\Coba))
 4 SYSTEMPATH\CodeIgniter.php(355): CodeIgniter\CodeIgniter->handleRequest(null, Object(Config\Cache), false)
 5 SYSTEMPATH\Boot.php(325): CodeIgniter\CodeIgniter->run()
 6 SYSTEMPATH\Boot.php(67): CodeIgniter\Boot::runCodeIgniter(Object(CodeIgniter\CodeIgniter))
 7 FCPATH\index.php(56): CodeIgniter\Boot::bootWeb(Object(Config\Paths))
 8 SYSTEMPATH\rewrite.php(44): require_once('C:\\xampp\\htdocs\\ecommerce\\public\\index.php')
CRITICAL - 2024-10-14 12:13:06 --> ErrorException: Undefined property: stdClass::$nama
[Method: GET, Route: keranjang/edit/107]
in APPPATH\Views\updateproduk.php on line 389.
 1 APPPATH\Views\updateproduk.php(389): CodeIgniter\Debug\Exceptions->errorHandler(2, 'Undefined property: stdClass::$nama', 'C:\\xampp\\htdocs\\ecommerce\\app\\Views\\updateproduk.php', 389)
 2 SYSTEMPATH\View\View.php(234): include('C:\\xampp\\htdocs\\ecommerce\\app\\Views\\updateproduk.php')
 3 SYSTEMPATH\View\View.php(237): CodeIgniter\View\View->CodeIgniter\View\{closure}()
 4 SYSTEMPATH\Common.php(1171): CodeIgniter\View\View->render('updateproduk', [], true)
 5 APPPATH\Controllers\Coba.php(81): view('updateproduk', [...])
 6 SYSTEMPATH\CodeIgniter.php(933): App\Controllers\Coba->edit('107')
 7 SYSTEMPATH\CodeIgniter.php(509): CodeIgniter\CodeIgniter->runController(Object(App\Controllers\Coba))
 8 SYSTEMPATH\CodeIgniter.php(355): CodeIgniter\CodeIgniter->handleRequest(null, Object(Config\Cache), false)
 9 SYSTEMPATH\Boot.php(325): CodeIgniter\CodeIgniter->run()
10 SYSTEMPATH\Boot.php(67): CodeIgniter\Boot::runCodeIgniter(Object(CodeIgniter\CodeIgniter))
11 FCPATH\index.php(56): CodeIgniter\Boot::bootWeb(Object(Config\Paths))
12 SYSTEMPATH\rewrite.php(44): require_once('C:\\xampp\\htdocs\\ecommerce\\public\\index.php')
